[2024-11-26T16:17:52.939+0000] {processor.py:186} INFO - Started process (PID=93) to work on /opt/airflow/dags/test.py
[2024-11-26T16:17:52.969+0000] {processor.py:914} INFO - Processing file /opt/airflow/dags/test.py for tasks to queue
[2024-11-26T16:17:53.158+0000] {logging_mixin.py:190} INFO - [2024-11-26T16:17:53.112+0000] {dagbag.py:588} INFO - Filling up the DagBag from /opt/airflow/dags/test.py
[2024-11-26T16:17:53.884+0000] {processor.py:925} INFO - DAG(s) 'welcome_dag' retrieved from /opt/airflow/dags/test.py
[2024-11-26T16:17:56.561+0000] {logging_mixin.py:190} INFO - [2024-11-26T16:17:56.555+0000] {override.py:1911} INFO - Created Permission View: can read on DAG:welcome_dag
[2024-11-26T16:17:56.610+0000] {logging_mixin.py:190} INFO - [2024-11-26T16:17:56.609+0000] {override.py:1911} INFO - Created Permission View: can delete on DAG:welcome_dag
[2024-11-26T16:17:56.655+0000] {logging_mixin.py:190} INFO - [2024-11-26T16:17:56.654+0000] {override.py:1911} INFO - Created Permission View: can edit on DAG:welcome_dag
[2024-11-26T16:17:56.725+0000] {logging_mixin.py:190} INFO - [2024-11-26T16:17:56.724+0000] {override.py:1911} INFO - Created Permission View: can read on DAG Run:welcome_dag
[2024-11-26T16:17:56.780+0000] {logging_mixin.py:190} INFO - [2024-11-26T16:17:56.779+0000] {override.py:1911} INFO - Created Permission View: menu access on DAG Run:welcome_dag
[2024-11-26T16:17:56.844+0000] {logging_mixin.py:190} INFO - [2024-11-26T16:17:56.844+0000] {override.py:1911} INFO - Created Permission View: can create on DAG Run:welcome_dag
[2024-11-26T16:17:56.908+0000] {logging_mixin.py:190} INFO - [2024-11-26T16:17:56.908+0000] {override.py:1911} INFO - Created Permission View: can delete on DAG Run:welcome_dag
[2024-11-26T16:17:56.912+0000] {logging_mixin.py:190} INFO - [2024-11-26T16:17:56.911+0000] {dag.py:3239} INFO - Sync 1 DAGs
[2024-11-26T16:17:57.106+0000] {logging_mixin.py:190} INFO - [2024-11-26T16:17:57.106+0000] {dag.py:3262} INFO - Creating ORM DAG for welcome_dag
[2024-11-26T16:17:57.281+0000] {logging_mixin.py:190} INFO - [2024-11-26T16:17:57.280+0000] {dag.py:4180} INFO - Setting next_dagrun for welcome_dag to 2024-11-25 23:00:00+00:00, run_after=2024-11-26 23:00:00+00:00
[2024-11-26T16:17:57.424+0000] {processor.py:208} INFO - Processing /opt/airflow/dags/test.py took 4.899 seconds
[2024-11-26T16:18:28.780+0000] {processor.py:186} INFO - Started process (PID=94) to work on /opt/airflow/dags/test.py
[2024-11-26T16:18:28.799+0000] {processor.py:914} INFO - Processing file /opt/airflow/dags/test.py for tasks to queue
[2024-11-26T16:18:28.880+0000] {logging_mixin.py:190} INFO - [2024-11-26T16:18:28.863+0000] {dagbag.py:588} INFO - Filling up the DagBag from /opt/airflow/dags/test.py
[2024-11-26T16:18:29.558+0000] {processor.py:925} INFO - DAG(s) 'welcome_dag' retrieved from /opt/airflow/dags/test.py
[2024-11-26T16:18:30.096+0000] {logging_mixin.py:190} INFO - [2024-11-26T16:18:30.095+0000] {dag.py:3239} INFO - Sync 1 DAGs
[2024-11-26T16:18:30.255+0000] {logging_mixin.py:190} INFO - [2024-11-26T16:18:30.254+0000] {dag.py:4180} INFO - Setting next_dagrun for welcome_dag to 2024-11-25 23:00:00+00:00, run_after=2024-11-26 23:00:00+00:00
[2024-11-26T16:18:30.413+0000] {processor.py:208} INFO - Processing /opt/airflow/dags/test.py took 1.833 seconds
[2024-11-26T16:19:02.251+0000] {processor.py:186} INFO - Started process (PID=96) to work on /opt/airflow/dags/test.py
[2024-11-26T16:19:02.375+0000] {processor.py:914} INFO - Processing file /opt/airflow/dags/test.py for tasks to queue
[2024-11-26T16:19:02.648+0000] {logging_mixin.py:190} INFO - [2024-11-26T16:19:02.606+0000] {dagbag.py:588} INFO - Filling up the DagBag from /opt/airflow/dags/test.py
[2024-11-26T16:19:03.994+0000] {processor.py:925} INFO - DAG(s) 'welcome_dag' retrieved from /opt/airflow/dags/test.py
[2024-11-26T16:19:04.591+0000] {logging_mixin.py:190} INFO - [2024-11-26T16:19:04.590+0000] {dag.py:3239} INFO - Sync 1 DAGs
[2024-11-26T16:19:04.895+0000] {logging_mixin.py:190} INFO - [2024-11-26T16:19:04.895+0000] {dag.py:4180} INFO - Setting next_dagrun for welcome_dag to 2024-11-25 23:00:00+00:00, run_after=2024-11-26 23:00:00+00:00
[2024-11-26T16:19:05.079+0000] {processor.py:208} INFO - Processing /opt/airflow/dags/test.py took 3.641 seconds
[2024-11-26T16:19:39.229+0000] {processor.py:186} INFO - Started process (PID=98) to work on /opt/airflow/dags/test.py
[2024-11-26T16:19:39.390+0000] {processor.py:914} INFO - Processing file /opt/airflow/dags/test.py for tasks to queue
[2024-11-26T16:19:40.459+0000] {logging_mixin.py:190} INFO - [2024-11-26T16:19:40.411+0000] {dagbag.py:588} INFO - Filling up the DagBag from /opt/airflow/dags/test.py
[2024-11-26T16:19:41.583+0000] {processor.py:925} INFO - DAG(s) 'welcome_dag' retrieved from /opt/airflow/dags/test.py
[2024-11-26T16:19:42.714+0000] {logging_mixin.py:190} INFO - [2024-11-26T16:19:42.712+0000] {dag.py:3239} INFO - Sync 1 DAGs
[2024-11-26T16:19:43.815+0000] {logging_mixin.py:190} INFO - [2024-11-26T16:19:43.814+0000] {dag.py:4180} INFO - Setting next_dagrun for welcome_dag to 2024-11-25 23:00:00+00:00, run_after=2024-11-26 23:00:00+00:00
[2024-11-26T16:19:44.160+0000] {processor.py:208} INFO - Processing /opt/airflow/dags/test.py took 5.949 seconds
[2024-11-26T16:20:17.262+0000] {processor.py:186} INFO - Started process (PID=99) to work on /opt/airflow/dags/test.py
[2024-11-26T16:20:17.335+0000] {processor.py:914} INFO - Processing file /opt/airflow/dags/test.py for tasks to queue
[2024-11-26T16:20:17.588+0000] {logging_mixin.py:190} INFO - [2024-11-26T16:20:17.531+0000] {dagbag.py:588} INFO - Filling up the DagBag from /opt/airflow/dags/test.py
[2024-11-26T16:20:19.806+0000] {processor.py:925} INFO - DAG(s) 'welcome_dag' retrieved from /opt/airflow/dags/test.py
[2024-11-26T16:20:23.596+0000] {logging_mixin.py:190} INFO - [2024-11-26T16:20:23.585+0000] {dag.py:3239} INFO - Sync 1 DAGs
[2024-11-26T16:20:26.448+0000] {logging_mixin.py:190} INFO - [2024-11-26T16:20:26.447+0000] {dag.py:4180} INFO - Setting next_dagrun for welcome_dag to 2024-11-25 23:00:00+00:00, run_after=2024-11-26 23:00:00+00:00
[2024-11-26T16:20:28.547+0000] {processor.py:208} INFO - Processing /opt/airflow/dags/test.py took 11.938 seconds
[2024-11-26T16:21:29.152+0000] {processor.py:186} INFO - Started process (PID=117) to work on /opt/airflow/dags/test.py
[2024-11-26T16:21:29.162+0000] {processor.py:914} INFO - Processing file /opt/airflow/dags/test.py for tasks to queue
[2024-11-26T16:21:29.186+0000] {logging_mixin.py:190} INFO - [2024-11-26T16:21:29.177+0000] {dagbag.py:588} INFO - Filling up the DagBag from /opt/airflow/dags/test.py
[2024-11-26T16:21:29.371+0000] {processor.py:925} INFO - DAG(s) 'welcome_dag' retrieved from /opt/airflow/dags/test.py
[2024-11-26T16:21:29.935+0000] {logging_mixin.py:190} INFO - [2024-11-26T16:21:29.933+0000] {dag.py:3239} INFO - Sync 1 DAGs
[2024-11-26T16:21:30.323+0000] {logging_mixin.py:190} INFO - [2024-11-26T16:21:30.322+0000] {dag.py:4180} INFO - Setting next_dagrun for welcome_dag to 2024-11-25 23:00:00+00:00, run_after=2024-11-26 23:00:00+00:00
[2024-11-26T16:21:30.527+0000] {processor.py:208} INFO - Processing /opt/airflow/dags/test.py took 1.428 seconds
[2024-11-26T16:22:12.619+0000] {processor.py:186} INFO - Started process (PID=148) to work on /opt/airflow/dags/test.py
[2024-11-26T16:22:12.650+0000] {processor.py:914} INFO - Processing file /opt/airflow/dags/test.py for tasks to queue
[2024-11-26T16:22:12.685+0000] {logging_mixin.py:190} INFO - [2024-11-26T16:22:12.671+0000] {dagbag.py:588} INFO - Filling up the DagBag from /opt/airflow/dags/test.py
[2024-11-26T16:22:12.931+0000] {processor.py:925} INFO - DAG(s) 'welcome_dag' retrieved from /opt/airflow/dags/test.py
[2024-11-26T16:22:13.453+0000] {logging_mixin.py:190} INFO - [2024-11-26T16:22:13.453+0000] {dag.py:3239} INFO - Sync 1 DAGs
[2024-11-26T16:22:13.744+0000] {logging_mixin.py:190} INFO - [2024-11-26T16:22:13.744+0000] {dag.py:4180} INFO - Setting next_dagrun for welcome_dag to 2024-11-25 23:00:00+00:00, run_after=2024-11-26 23:00:00+00:00
[2024-11-26T16:22:13.892+0000] {processor.py:208} INFO - Processing /opt/airflow/dags/test.py took 1.474 seconds
[2024-11-26T16:22:45.320+0000] {processor.py:186} INFO - Started process (PID=149) to work on /opt/airflow/dags/test.py
[2024-11-26T16:22:45.360+0000] {processor.py:914} INFO - Processing file /opt/airflow/dags/test.py for tasks to queue
[2024-11-26T16:22:45.383+0000] {logging_mixin.py:190} INFO - [2024-11-26T16:22:45.372+0000] {dagbag.py:588} INFO - Filling up the DagBag from /opt/airflow/dags/test.py
[2024-11-26T16:22:45.613+0000] {processor.py:925} INFO - DAG(s) 'welcome_dag' retrieved from /opt/airflow/dags/test.py
[2024-11-26T16:22:45.964+0000] {logging_mixin.py:190} INFO - [2024-11-26T16:22:45.964+0000] {dag.py:3239} INFO - Sync 1 DAGs
[2024-11-26T16:22:46.204+0000] {logging_mixin.py:190} INFO - [2024-11-26T16:22:46.204+0000] {dag.py:4180} INFO - Setting next_dagrun for welcome_dag to 2024-11-25 23:00:00+00:00, run_after=2024-11-26 23:00:00+00:00
[2024-11-26T16:22:46.302+0000] {processor.py:208} INFO - Processing /opt/airflow/dags/test.py took 1.121 seconds
[2024-11-26T16:23:17.156+0000] {processor.py:186} INFO - Started process (PID=150) to work on /opt/airflow/dags/test.py
[2024-11-26T16:23:17.185+0000] {processor.py:914} INFO - Processing file /opt/airflow/dags/test.py for tasks to queue
[2024-11-26T16:23:17.221+0000] {logging_mixin.py:190} INFO - [2024-11-26T16:23:17.213+0000] {dagbag.py:588} INFO - Filling up the DagBag from /opt/airflow/dags/test.py
[2024-11-26T16:23:17.377+0000] {processor.py:925} INFO - DAG(s) 'welcome_dag' retrieved from /opt/airflow/dags/test.py
[2024-11-26T16:23:17.748+0000] {logging_mixin.py:190} INFO - [2024-11-26T16:23:17.747+0000] {dag.py:3239} INFO - Sync 1 DAGs
[2024-11-26T16:23:17.930+0000] {logging_mixin.py:190} INFO - [2024-11-26T16:23:17.929+0000] {dag.py:4180} INFO - Setting next_dagrun for welcome_dag to 2024-11-25 23:00:00+00:00, run_after=2024-11-26 23:00:00+00:00
[2024-11-26T16:23:18.076+0000] {processor.py:208} INFO - Processing /opt/airflow/dags/test.py took 1.095 seconds
[2024-11-26T16:23:49.384+0000] {processor.py:186} INFO - Started process (PID=151) to work on /opt/airflow/dags/test.py
[2024-11-26T16:23:49.420+0000] {processor.py:914} INFO - Processing file /opt/airflow/dags/test.py for tasks to queue
[2024-11-26T16:23:49.437+0000] {logging_mixin.py:190} INFO - [2024-11-26T16:23:49.429+0000] {dagbag.py:588} INFO - Filling up the DagBag from /opt/airflow/dags/test.py
[2024-11-26T16:23:49.568+0000] {processor.py:925} INFO - DAG(s) 'welcome_dag' retrieved from /opt/airflow/dags/test.py
[2024-11-26T16:23:50.129+0000] {logging_mixin.py:190} INFO - [2024-11-26T16:23:50.128+0000] {dag.py:3239} INFO - Sync 1 DAGs
[2024-11-26T16:23:50.523+0000] {logging_mixin.py:190} INFO - [2024-11-26T16:23:50.523+0000] {dag.py:4180} INFO - Setting next_dagrun for welcome_dag to 2024-11-25 23:00:00+00:00, run_after=2024-11-26 23:00:00+00:00
[2024-11-26T16:23:50.748+0000] {processor.py:208} INFO - Processing /opt/airflow/dags/test.py took 1.469 seconds
[2024-11-26T16:24:21.752+0000] {processor.py:186} INFO - Started process (PID=152) to work on /opt/airflow/dags/test.py
[2024-11-26T16:24:21.756+0000] {processor.py:914} INFO - Processing file /opt/airflow/dags/test.py for tasks to queue
[2024-11-26T16:24:21.760+0000] {logging_mixin.py:190} INFO - [2024-11-26T16:24:21.758+0000] {dagbag.py:588} INFO - Filling up the DagBag from /opt/airflow/dags/test.py
[2024-11-26T16:24:21.799+0000] {processor.py:925} INFO - DAG(s) 'welcome_dag' retrieved from /opt/airflow/dags/test.py
[2024-11-26T16:24:21.929+0000] {logging_mixin.py:190} INFO - [2024-11-26T16:24:21.928+0000] {dag.py:3239} INFO - Sync 1 DAGs
[2024-11-26T16:24:22.061+0000] {logging_mixin.py:190} INFO - [2024-11-26T16:24:22.060+0000] {dag.py:4180} INFO - Setting next_dagrun for welcome_dag to 2024-11-25 23:00:00+00:00, run_after=2024-11-26 23:00:00+00:00
[2024-11-26T16:24:22.246+0000] {processor.py:208} INFO - Processing /opt/airflow/dags/test.py took 0.525 seconds
[2024-11-26T16:24:53.105+0000] {processor.py:186} INFO - Started process (PID=153) to work on /opt/airflow/dags/test.py
[2024-11-26T16:24:53.143+0000] {processor.py:914} INFO - Processing file /opt/airflow/dags/test.py for tasks to queue
[2024-11-26T16:24:53.177+0000] {logging_mixin.py:190} INFO - [2024-11-26T16:24:53.161+0000] {dagbag.py:588} INFO - Filling up the DagBag from /opt/airflow/dags/test.py
[2024-11-26T16:24:53.414+0000] {processor.py:925} INFO - DAG(s) 'welcome_dag' retrieved from /opt/airflow/dags/test.py
[2024-11-26T16:24:54.229+0000] {logging_mixin.py:190} INFO - [2024-11-26T16:24:54.206+0000] {dag.py:3239} INFO - Sync 1 DAGs
[2024-11-26T16:24:54.606+0000] {logging_mixin.py:190} INFO - [2024-11-26T16:24:54.605+0000] {dag.py:4180} INFO - Setting next_dagrun for welcome_dag to 2024-11-25 23:00:00+00:00, run_after=2024-11-26 23:00:00+00:00
[2024-11-26T16:24:54.795+0000] {processor.py:208} INFO - Processing /opt/airflow/dags/test.py took 2.013 seconds
[2024-11-26T16:25:37.561+0000] {processor.py:186} INFO - Started process (PID=155) to work on /opt/airflow/dags/test.py
[2024-11-26T16:25:37.723+0000] {processor.py:914} INFO - Processing file /opt/airflow/dags/test.py for tasks to queue
[2024-11-26T16:25:37.865+0000] {logging_mixin.py:190} INFO - [2024-11-26T16:25:37.823+0000] {dagbag.py:588} INFO - Filling up the DagBag from /opt/airflow/dags/test.py
[2024-11-26T16:25:38.719+0000] {processor.py:925} INFO - DAG(s) 'welcome_dag' retrieved from /opt/airflow/dags/test.py
[2024-11-26T16:25:40.553+0000] {logging_mixin.py:190} INFO - [2024-11-26T16:25:40.526+0000] {dag.py:3239} INFO - Sync 1 DAGs
[2024-11-26T16:25:41.534+0000] {logging_mixin.py:190} INFO - [2024-11-26T16:25:41.529+0000] {dag.py:4180} INFO - Setting next_dagrun for welcome_dag to 2024-11-25 23:00:00+00:00, run_after=2024-11-26 23:00:00+00:00
[2024-11-26T16:25:43.051+0000] {processor.py:208} INFO - Processing /opt/airflow/dags/test.py took 6.537 seconds
[2024-11-26T16:26:15.614+0000] {processor.py:186} INFO - Started process (PID=157) to work on /opt/airflow/dags/test.py
[2024-11-26T16:26:15.788+0000] {processor.py:914} INFO - Processing file /opt/airflow/dags/test.py for tasks to queue
[2024-11-26T16:26:15.933+0000] {logging_mixin.py:190} INFO - [2024-11-26T16:26:15.880+0000] {dagbag.py:588} INFO - Filling up the DagBag from /opt/airflow/dags/test.py
[2024-11-26T16:26:16.853+0000] {processor.py:925} INFO - DAG(s) 'welcome_dag' retrieved from /opt/airflow/dags/test.py
[2024-11-26T16:26:19.041+0000] {logging_mixin.py:190} INFO - [2024-11-26T16:26:19.037+0000] {dag.py:3239} INFO - Sync 1 DAGs
[2024-11-26T16:26:20.722+0000] {logging_mixin.py:190} INFO - [2024-11-26T16:26:20.720+0000] {dag.py:4180} INFO - Setting next_dagrun for welcome_dag to 2024-11-25 23:00:00+00:00, run_after=2024-11-26 23:00:00+00:00
[2024-11-26T16:26:21.357+0000] {processor.py:208} INFO - Processing /opt/airflow/dags/test.py took 6.792 seconds
[2024-11-26T16:27:09.118+0000] {processor.py:186} INFO - Started process (PID=159) to work on /opt/airflow/dags/test.py
[2024-11-26T16:27:09.246+0000] {processor.py:914} INFO - Processing file /opt/airflow/dags/test.py for tasks to queue
[2024-11-26T16:27:09.332+0000] {logging_mixin.py:190} INFO - [2024-11-26T16:27:09.299+0000] {dagbag.py:588} INFO - Filling up the DagBag from /opt/airflow/dags/test.py
[2024-11-26T16:27:10.223+0000] {processor.py:925} INFO - DAG(s) 'welcome_dag' retrieved from /opt/airflow/dags/test.py
[2024-11-26T16:27:20.537+0000] {logging_mixin.py:190} INFO - [2024-11-26T16:27:20.424+0000] {dag.py:3239} INFO - Sync 1 DAGs
[2024-11-26T16:27:23.393+0000] {logging_mixin.py:190} INFO - [2024-11-26T16:27:23.388+0000] {dag.py:4180} INFO - Setting next_dagrun for welcome_dag to 2024-11-25 23:00:00+00:00, run_after=2024-11-26 23:00:00+00:00
[2024-11-26T16:27:30.672+0000] {processor.py:211} ERROR - Got an exception! Propagating...
Traceback (most recent call last):
  File "/home/airflow/.local/lib/python3.12/site-packages/sqlalchemy/engine/base.py", line 1094, in _commit_impl
    self.engine.dialect.do_commit(self.connection)
  File "/home/airflow/.local/lib/python3.12/site-packages/sqlalchemy/engine/default.py", line 686, in do_commit
    dbapi_connection.commit()
sqlite3.OperationalError: database is locked

The above exception was the direct cause of the following exception:

Traceback (most recent call last):
  File "/home/airflow/.local/lib/python3.12/site-packages/airflow/dag_processing/processor.py", line 207, in _run_file_processor
    _handle_dag_file_processing()
  File "/home/airflow/.local/lib/python3.12/site-packages/airflow/dag_processing/processor.py", line 188, in _handle_dag_file_processing
    result: tuple[int, int, int] = dag_file_processor.process_file(
                                   ^^^^^^^^^^^^^^^^^^^^^^^^^^^^^^^^
  File "/home/airflow/.local/lib/python3.12/site-packages/airflow/utils/session.py", line 97, in wrapper
    return func(*args, session=session, **kwargs)
           ^^^^^^^^^^^^^^^^^^^^^^^^^^^^^^^^^^^^^^
  File "/home/airflow/.local/lib/python3.12/site-packages/airflow/dag_processing/processor.py", line 942, in process_file
    serialize_errors = DagFileProcessor.save_dag_to_db(
                       ^^^^^^^^^^^^^^^^^^^^^^^^^^^^^^^^
  File "/home/airflow/.local/lib/python3.12/site-packages/airflow/api_internal/internal_api_call.py", line 166, in wrapper
    return func(*args, **kwargs)
           ^^^^^^^^^^^^^^^^^^^^^
  File "/home/airflow/.local/lib/python3.12/site-packages/airflow/utils/session.py", line 97, in wrapper
    return func(*args, session=session, **kwargs)
           ^^^^^^^^^^^^^^^^^^^^^^^^^^^^^^^^^^^^^^
  File "/home/airflow/.local/lib/python3.12/site-packages/airflow/dag_processing/processor.py", line 983, in save_dag_to_db
    session.commit()
  File "/home/airflow/.local/lib/python3.12/site-packages/sqlalchemy/orm/session.py", line 1454, in commit
    self._transaction.commit(_to_root=self.future)
  File "/home/airflow/.local/lib/python3.12/site-packages/sqlalchemy/orm/session.py", line 839, in commit
    trans.commit()
  File "/home/airflow/.local/lib/python3.12/site-packages/sqlalchemy/engine/base.py", line 2469, in commit
    self._do_commit()
  File "/home/airflow/.local/lib/python3.12/site-packages/sqlalchemy/engine/base.py", line 2659, in _do_commit
    self._connection_commit_impl()
  File "/home/airflow/.local/lib/python3.12/site-packages/sqlalchemy/engine/base.py", line 2630, in _connection_commit_impl
    self.connection._commit_impl()
  File "/home/airflow/.local/lib/python3.12/site-packages/sqlalchemy/engine/base.py", line 1096, in _commit_impl
    self._handle_dbapi_exception(e, None, None, None, None)
  File "/home/airflow/.local/lib/python3.12/site-packages/sqlalchemy/engine/base.py", line 2134, in _handle_dbapi_exception
    util.raise_(
  File "/home/airflow/.local/lib/python3.12/site-packages/sqlalchemy/util/compat.py", line 211, in raise_
    raise exception
  File "/home/airflow/.local/lib/python3.12/site-packages/sqlalchemy/engine/base.py", line 1094, in _commit_impl
    self.engine.dialect.do_commit(self.connection)
  File "/home/airflow/.local/lib/python3.12/site-packages/sqlalchemy/engine/default.py", line 686, in do_commit
    dbapi_connection.commit()
sqlalchemy.exc.OperationalError: (sqlite3.OperationalError) database is locked
(Background on this error at: https://sqlalche.me/e/14/e3q8)
