[2024-11-30T16:05:42.928+0000] {processor.py:186} INFO - Started process (PID=64) to work on /opt/airflow/dags/college_info.py
[2024-11-30T16:05:42.954+0000] {processor.py:914} INFO - Processing file /opt/airflow/dags/college_info.py for tasks to queue
[2024-11-30T16:05:43.107+0000] {logging_mixin.py:190} INFO - [2024-11-30T16:05:43.102+0000] {dagbag.py:588} INFO - Filling up the DagBag from /opt/airflow/dags/college_info.py
[2024-11-30T16:05:55.830+0000] {logging_mixin.py:190} INFO - [2024-11-30T16:05:55.804+0000] {dagbag.py:484} ERROR - Failed to bag_dag: /opt/airflow/dags/college_info.py
Traceback (most recent call last):
  File "/home/airflow/.local/lib/python3.12/site-packages/airflow/timetables/_cron.py", line 102, in validate
    croniter(self._expression)
  File "/home/airflow/.local/lib/python3.12/site-packages/croniter/croniter.py", line 271, in __init__
    self.expanded, self.nth_weekday_of_month = self.expand(
                                               ^^^^^^^^^^^^
  File "/home/airflow/.local/lib/python3.12/site-packages/croniter/croniter.py", line 1032, in expand
    return cls._expand(expr_format, hash_id=hash_id,
           ^^^^^^^^^^^^^^^^^^^^^^^^^^^^^^^^^^^^^^^^^
  File "/home/airflow/.local/lib/python3.12/site-packages/croniter/croniter.py", line 987, in _expand
    raise CroniterBadCronError(
croniter.croniter.CroniterBadCronError: [0 20 0 0 0] is not acceptable, out of range

During handling of the above exception, another exception occurred:

Traceback (most recent call last):
  File "/home/airflow/.local/lib/python3.12/site-packages/airflow/models/dagbag.py", line 479, in _process_modules
    dag.validate()
  File "/home/airflow/.local/lib/python3.12/site-packages/airflow/models/dag.py", line 845, in validate
    self.timetable.validate()
  File "/home/airflow/.local/lib/python3.12/site-packages/airflow/timetables/_cron.py", line 104, in validate
    raise AirflowTimetableInvalid(str(e))
airflow.exceptions.AirflowTimetableInvalid: [0 20 0 0 0] is not acceptable, out of range
[2024-11-30T16:05:55.833+0000] {processor.py:927} WARNING - No viable dags retrieved from /opt/airflow/dags/college_info.py
[2024-11-30T16:05:55.941+0000] {processor.py:208} INFO - Processing /opt/airflow/dags/college_info.py took 13.211 seconds
[2024-11-30T16:06:27.232+0000] {processor.py:186} INFO - Started process (PID=67) to work on /opt/airflow/dags/college_info.py
[2024-11-30T16:06:27.265+0000] {processor.py:914} INFO - Processing file /opt/airflow/dags/college_info.py for tasks to queue
[2024-11-30T16:06:27.310+0000] {logging_mixin.py:190} INFO - [2024-11-30T16:06:27.302+0000] {dagbag.py:588} INFO - Filling up the DagBag from /opt/airflow/dags/college_info.py
[2024-11-30T16:06:36.344+0000] {logging_mixin.py:190} INFO - [2024-11-30T16:06:36.312+0000] {dagbag.py:484} ERROR - Failed to bag_dag: /opt/airflow/dags/college_info.py
Traceback (most recent call last):
  File "/home/airflow/.local/lib/python3.12/site-packages/airflow/timetables/_cron.py", line 102, in validate
    croniter(self._expression)
  File "/home/airflow/.local/lib/python3.12/site-packages/croniter/croniter.py", line 271, in __init__
    self.expanded, self.nth_weekday_of_month = self.expand(
                                               ^^^^^^^^^^^^
  File "/home/airflow/.local/lib/python3.12/site-packages/croniter/croniter.py", line 1032, in expand
    return cls._expand(expr_format, hash_id=hash_id,
           ^^^^^^^^^^^^^^^^^^^^^^^^^^^^^^^^^^^^^^^^^
  File "/home/airflow/.local/lib/python3.12/site-packages/croniter/croniter.py", line 987, in _expand
    raise CroniterBadCronError(
croniter.croniter.CroniterBadCronError: [0 20 0 0 0] is not acceptable, out of range

During handling of the above exception, another exception occurred:

Traceback (most recent call last):
  File "/home/airflow/.local/lib/python3.12/site-packages/airflow/models/dagbag.py", line 479, in _process_modules
    dag.validate()
  File "/home/airflow/.local/lib/python3.12/site-packages/airflow/models/dag.py", line 845, in validate
    self.timetable.validate()
  File "/home/airflow/.local/lib/python3.12/site-packages/airflow/timetables/_cron.py", line 104, in validate
    raise AirflowTimetableInvalid(str(e))
airflow.exceptions.AirflowTimetableInvalid: [0 20 0 0 0] is not acceptable, out of range
[2024-11-30T16:06:36.346+0000] {processor.py:927} WARNING - No viable dags retrieved from /opt/airflow/dags/college_info.py
[2024-11-30T16:06:36.467+0000] {processor.py:208} INFO - Processing /opt/airflow/dags/college_info.py took 9.348 seconds
[2024-11-30T16:07:07.956+0000] {processor.py:186} INFO - Started process (PID=70) to work on /opt/airflow/dags/college_info.py
[2024-11-30T16:07:07.975+0000] {processor.py:914} INFO - Processing file /opt/airflow/dags/college_info.py for tasks to queue
[2024-11-30T16:07:08.052+0000] {logging_mixin.py:190} INFO - [2024-11-30T16:07:08.035+0000] {dagbag.py:588} INFO - Filling up the DagBag from /opt/airflow/dags/college_info.py
[2024-11-30T16:07:15.930+0000] {logging_mixin.py:190} INFO - [2024-11-30T16:07:15.904+0000] {dagbag.py:484} ERROR - Failed to bag_dag: /opt/airflow/dags/college_info.py
Traceback (most recent call last):
  File "/home/airflow/.local/lib/python3.12/site-packages/airflow/timetables/_cron.py", line 102, in validate
    croniter(self._expression)
  File "/home/airflow/.local/lib/python3.12/site-packages/croniter/croniter.py", line 271, in __init__
    self.expanded, self.nth_weekday_of_month = self.expand(
                                               ^^^^^^^^^^^^
  File "/home/airflow/.local/lib/python3.12/site-packages/croniter/croniter.py", line 1032, in expand
    return cls._expand(expr_format, hash_id=hash_id,
           ^^^^^^^^^^^^^^^^^^^^^^^^^^^^^^^^^^^^^^^^^
  File "/home/airflow/.local/lib/python3.12/site-packages/croniter/croniter.py", line 987, in _expand
    raise CroniterBadCronError(
croniter.croniter.CroniterBadCronError: [0 20 0 0 0] is not acceptable, out of range

During handling of the above exception, another exception occurred:

Traceback (most recent call last):
  File "/home/airflow/.local/lib/python3.12/site-packages/airflow/models/dagbag.py", line 479, in _process_modules
    dag.validate()
  File "/home/airflow/.local/lib/python3.12/site-packages/airflow/models/dag.py", line 845, in validate
    self.timetable.validate()
  File "/home/airflow/.local/lib/python3.12/site-packages/airflow/timetables/_cron.py", line 104, in validate
    raise AirflowTimetableInvalid(str(e))
airflow.exceptions.AirflowTimetableInvalid: [0 20 0 0 0] is not acceptable, out of range
[2024-11-30T16:07:15.932+0000] {processor.py:927} WARNING - No viable dags retrieved from /opt/airflow/dags/college_info.py
[2024-11-30T16:07:16.062+0000] {processor.py:208} INFO - Processing /opt/airflow/dags/college_info.py took 8.217 seconds
[2024-11-30T16:07:47.253+0000] {processor.py:186} INFO - Started process (PID=73) to work on /opt/airflow/dags/college_info.py
[2024-11-30T16:07:47.296+0000] {processor.py:914} INFO - Processing file /opt/airflow/dags/college_info.py for tasks to queue
[2024-11-30T16:07:47.380+0000] {logging_mixin.py:190} INFO - [2024-11-30T16:07:47.371+0000] {dagbag.py:588} INFO - Filling up the DagBag from /opt/airflow/dags/college_info.py
[2024-11-30T16:07:54.790+0000] {logging_mixin.py:190} INFO - [2024-11-30T16:07:54.713+0000] {dagbag.py:484} ERROR - Failed to bag_dag: /opt/airflow/dags/college_info.py
Traceback (most recent call last):
  File "/home/airflow/.local/lib/python3.12/site-packages/airflow/timetables/_cron.py", line 102, in validate
    croniter(self._expression)
  File "/home/airflow/.local/lib/python3.12/site-packages/croniter/croniter.py", line 271, in __init__
    self.expanded, self.nth_weekday_of_month = self.expand(
                                               ^^^^^^^^^^^^
  File "/home/airflow/.local/lib/python3.12/site-packages/croniter/croniter.py", line 1032, in expand
    return cls._expand(expr_format, hash_id=hash_id,
           ^^^^^^^^^^^^^^^^^^^^^^^^^^^^^^^^^^^^^^^^^
  File "/home/airflow/.local/lib/python3.12/site-packages/croniter/croniter.py", line 987, in _expand
    raise CroniterBadCronError(
croniter.croniter.CroniterBadCronError: [0 20 0 0 0] is not acceptable, out of range

During handling of the above exception, another exception occurred:

Traceback (most recent call last):
  File "/home/airflow/.local/lib/python3.12/site-packages/airflow/models/dagbag.py", line 479, in _process_modules
    dag.validate()
  File "/home/airflow/.local/lib/python3.12/site-packages/airflow/models/dag.py", line 845, in validate
    self.timetable.validate()
  File "/home/airflow/.local/lib/python3.12/site-packages/airflow/timetables/_cron.py", line 104, in validate
    raise AirflowTimetableInvalid(str(e))
airflow.exceptions.AirflowTimetableInvalid: [0 20 0 0 0] is not acceptable, out of range
[2024-11-30T16:07:54.794+0000] {processor.py:927} WARNING - No viable dags retrieved from /opt/airflow/dags/college_info.py
[2024-11-30T16:07:55.019+0000] {processor.py:208} INFO - Processing /opt/airflow/dags/college_info.py took 7.882 seconds
[2024-11-30T16:08:27.244+0000] {processor.py:186} INFO - Started process (PID=76) to work on /opt/airflow/dags/college_info.py
[2024-11-30T16:08:27.341+0000] {processor.py:914} INFO - Processing file /opt/airflow/dags/college_info.py for tasks to queue
[2024-11-30T16:08:27.617+0000] {logging_mixin.py:190} INFO - [2024-11-30T16:08:27.562+0000] {dagbag.py:588} INFO - Filling up the DagBag from /opt/airflow/dags/college_info.py
[2024-11-30T16:08:35.236+0000] {logging_mixin.py:190} INFO - [2024-11-30T16:08:35.230+0000] {dagbag.py:484} ERROR - Failed to bag_dag: /opt/airflow/dags/college_info.py
Traceback (most recent call last):
  File "/home/airflow/.local/lib/python3.12/site-packages/airflow/timetables/_cron.py", line 102, in validate
    croniter(self._expression)
  File "/home/airflow/.local/lib/python3.12/site-packages/croniter/croniter.py", line 271, in __init__
    self.expanded, self.nth_weekday_of_month = self.expand(
                                               ^^^^^^^^^^^^
  File "/home/airflow/.local/lib/python3.12/site-packages/croniter/croniter.py", line 1032, in expand
    return cls._expand(expr_format, hash_id=hash_id,
           ^^^^^^^^^^^^^^^^^^^^^^^^^^^^^^^^^^^^^^^^^
  File "/home/airflow/.local/lib/python3.12/site-packages/croniter/croniter.py", line 987, in _expand
    raise CroniterBadCronError(
croniter.croniter.CroniterBadCronError: [0 20 0 0 0] is not acceptable, out of range

During handling of the above exception, another exception occurred:

Traceback (most recent call last):
  File "/home/airflow/.local/lib/python3.12/site-packages/airflow/models/dagbag.py", line 479, in _process_modules
    dag.validate()
  File "/home/airflow/.local/lib/python3.12/site-packages/airflow/models/dag.py", line 845, in validate
    self.timetable.validate()
  File "/home/airflow/.local/lib/python3.12/site-packages/airflow/timetables/_cron.py", line 104, in validate
    raise AirflowTimetableInvalid(str(e))
airflow.exceptions.AirflowTimetableInvalid: [0 20 0 0 0] is not acceptable, out of range
[2024-11-30T16:08:35.237+0000] {processor.py:927} WARNING - No viable dags retrieved from /opt/airflow/dags/college_info.py
[2024-11-30T16:08:35.297+0000] {processor.py:208} INFO - Processing /opt/airflow/dags/college_info.py took 8.611 seconds
[2024-11-30T16:08:50.247+0000] {processor.py:186} INFO - Started process (PID=32) to work on /opt/airflow/dags/college_info.py
[2024-11-30T16:08:50.275+0000] {processor.py:914} INFO - Processing file /opt/airflow/dags/college_info.py for tasks to queue
[2024-11-30T16:08:50.323+0000] {logging_mixin.py:190} INFO - [2024-11-30T16:08:50.318+0000] {dagbag.py:588} INFO - Filling up the DagBag from /opt/airflow/dags/college_info.py
[2024-11-30T16:09:07.871+0000] {processor.py:186} INFO - Started process (PID=79) to work on /opt/airflow/dags/college_info.py
[2024-11-30T16:09:08.035+0000] {processor.py:914} INFO - Processing file /opt/airflow/dags/college_info.py for tasks to queue
[2024-11-30T16:09:08.658+0000] {logging_mixin.py:190} INFO - [2024-11-30T16:09:08.610+0000] {dagbag.py:588} INFO - Filling up the DagBag from /opt/airflow/dags/college_info.py
[2024-11-30T16:09:54.947+0000] {logging_mixin.py:190} INFO - [2024-11-30T16:09:54.838+0000] {timeout.py:68} ERROR - Process timed out, PID: 79
[2024-11-30T16:09:54.983+0000] {logging_mixin.py:190} WARNING - Exception ignored in: <function WeakKeyDictionary.__init__.<locals>.remove at 0x7f0db58c3a60>
[2024-11-30T16:09:54.988+0000] {logging_mixin.py:190} WARNING - Traceback (most recent call last):
[2024-11-30T16:09:54.992+0000] {logging_mixin.py:190} WARNING -   File "/usr/local/lib/python3.12/weakref.py", line 369, in remove
[2024-11-30T16:09:55.150+0000] {logging_mixin.py:190} WARNING -     def remove(k, selfref=ref(self)):
[2024-11-30T16:09:55.156+0000] {logging_mixin.py:190} WARNING -   File "/home/airflow/.local/lib/python3.12/site-packages/airflow/utils/timeout.py", line 69, in handle_timeout
[2024-11-30T16:09:55.205+0000] {logging_mixin.py:190} WARNING -     raise AirflowTaskTimeout(self.error_message)
[2024-11-30T16:09:55.218+0000] {logging_mixin.py:190} WARNING - airflow.exceptions.AirflowTaskTimeout: DagBag import timeout for /opt/airflow/dags/college_info.py after 30.0s.
Please take a look at these docs to improve your DAG import time:
* https://airflow.apache.org/docs/apache-airflow/2.10.3/best-practices.html#top-level-python-code
* https://airflow.apache.org/docs/apache-airflow/2.10.3/best-practices.html#reducing-dag-complexity, PID: 79
[2024-11-30T16:10:00.557+0000] {logging_mixin.py:190} INFO - [2024-11-30T16:10:00.396+0000] {timeout.py:68} ERROR - Process timed out, PID: 32
[2024-11-30T16:10:00.578+0000] {logging_mixin.py:190} WARNING - Exception ignored in: <function WeakKeyDictionary.__init__.<locals>.remove at 0x7f37d4b7ba60>
[2024-11-30T16:10:00.582+0000] {logging_mixin.py:190} WARNING - Traceback (most recent call last):
[2024-11-30T16:10:00.584+0000] {logging_mixin.py:190} WARNING -   File "/usr/local/lib/python3.12/weakref.py", line 369, in remove
[2024-11-30T16:10:00.629+0000] {logging_mixin.py:190} WARNING -     def remove(k, selfref=ref(self)):
[2024-11-30T16:10:00.636+0000] {logging_mixin.py:190} WARNING -   File "/home/airflow/.local/lib/python3.12/site-packages/airflow/utils/timeout.py", line 69, in handle_timeout
[2024-11-30T16:10:00.658+0000] {logging_mixin.py:190} WARNING -     raise AirflowTaskTimeout(self.error_message)
[2024-11-30T16:10:00.674+0000] {logging_mixin.py:190} WARNING - airflow.exceptions.AirflowTaskTimeout: DagBag import timeout for /opt/airflow/dags/college_info.py after 30.0s.
Please take a look at these docs to improve your DAG import time:
* https://airflow.apache.org/docs/apache-airflow/2.10.3/best-practices.html#top-level-python-code
* https://airflow.apache.org/docs/apache-airflow/2.10.3/best-practices.html#reducing-dag-complexity, PID: 32
[2024-11-30T16:10:03.103+0000] {logging_mixin.py:190} INFO - [2024-11-30T16:10:02.838+0000] {dagbag.py:484} ERROR - Failed to bag_dag: /opt/airflow/dags/college_info.py
Traceback (most recent call last):
  File "/home/airflow/.local/lib/python3.12/site-packages/airflow/timetables/_cron.py", line 102, in validate
    croniter(self._expression)
  File "/home/airflow/.local/lib/python3.12/site-packages/croniter/croniter.py", line 271, in __init__
    self.expanded, self.nth_weekday_of_month = self.expand(
                                               ^^^^^^^^^^^^
  File "/home/airflow/.local/lib/python3.12/site-packages/croniter/croniter.py", line 1032, in expand
    return cls._expand(expr_format, hash_id=hash_id,
           ^^^^^^^^^^^^^^^^^^^^^^^^^^^^^^^^^^^^^^^^^
  File "/home/airflow/.local/lib/python3.12/site-packages/croniter/croniter.py", line 987, in _expand
    raise CroniterBadCronError(
croniter.croniter.CroniterBadCronError: [0 20 0 0 0] is not acceptable, out of range

During handling of the above exception, another exception occurred:

Traceback (most recent call last):
  File "/home/airflow/.local/lib/python3.12/site-packages/airflow/models/dagbag.py", line 479, in _process_modules
    dag.validate()
  File "/home/airflow/.local/lib/python3.12/site-packages/airflow/models/dag.py", line 845, in validate
    self.timetable.validate()
  File "/home/airflow/.local/lib/python3.12/site-packages/airflow/timetables/_cron.py", line 104, in validate
    raise AirflowTimetableInvalid(str(e))
airflow.exceptions.AirflowTimetableInvalid: [0 20 0 0 0] is not acceptable, out of range
[2024-11-30T16:10:03.118+0000] {processor.py:927} WARNING - No viable dags retrieved from /opt/airflow/dags/college_info.py
[2024-11-30T16:10:03.689+0000] {processor.py:208} INFO - Processing /opt/airflow/dags/college_info.py took 56.511 seconds
[2024-11-30T16:10:05.448+0000] {logging_mixin.py:190} INFO - [2024-11-30T16:10:05.299+0000] {dagbag.py:484} ERROR - Failed to bag_dag: /opt/airflow/dags/college_info.py
Traceback (most recent call last):
  File "/home/airflow/.local/lib/python3.12/site-packages/airflow/timetables/_cron.py", line 102, in validate
    croniter(self._expression)
  File "/home/airflow/.local/lib/python3.12/site-packages/croniter/croniter.py", line 271, in __init__
    self.expanded, self.nth_weekday_of_month = self.expand(
                                               ^^^^^^^^^^^^
  File "/home/airflow/.local/lib/python3.12/site-packages/croniter/croniter.py", line 1032, in expand
    return cls._expand(expr_format, hash_id=hash_id,
           ^^^^^^^^^^^^^^^^^^^^^^^^^^^^^^^^^^^^^^^^^
  File "/home/airflow/.local/lib/python3.12/site-packages/croniter/croniter.py", line 987, in _expand
    raise CroniterBadCronError(
croniter.croniter.CroniterBadCronError: [0 20 0 0 0] is not acceptable, out of range

During handling of the above exception, another exception occurred:

Traceback (most recent call last):
  File "/home/airflow/.local/lib/python3.12/site-packages/airflow/models/dagbag.py", line 479, in _process_modules
    dag.validate()
  File "/home/airflow/.local/lib/python3.12/site-packages/airflow/models/dag.py", line 845, in validate
    self.timetable.validate()
  File "/home/airflow/.local/lib/python3.12/site-packages/airflow/timetables/_cron.py", line 104, in validate
    raise AirflowTimetableInvalid(str(e))
airflow.exceptions.AirflowTimetableInvalid: [0 20 0 0 0] is not acceptable, out of range
[2024-11-30T16:10:05.460+0000] {processor.py:927} WARNING - No viable dags retrieved from /opt/airflow/dags/college_info.py
[2024-11-30T16:10:06.186+0000] {processor.py:208} INFO - Processing /opt/airflow/dags/college_info.py took 76.200 seconds
[2024-11-30T16:10:13.461+0000] {processor.py:186} INFO - Started process (PID=81) to work on /opt/airflow/dags/college_info.py
[2024-11-30T16:10:13.577+0000] {processor.py:914} INFO - Processing file /opt/airflow/dags/college_info.py for tasks to queue
[2024-11-30T16:10:14.033+0000] {logging_mixin.py:190} INFO - [2024-11-30T16:10:13.960+0000] {dagbag.py:588} INFO - Filling up the DagBag from /opt/airflow/dags/college_info.py
[2024-11-30T16:10:38.432+0000] {processor.py:186} INFO - Started process (PID=35) to work on /opt/airflow/dags/college_info.py
[2024-11-30T16:10:38.486+0000] {processor.py:914} INFO - Processing file /opt/airflow/dags/college_info.py for tasks to queue
[2024-11-30T16:10:38.644+0000] {logging_mixin.py:190} INFO - [2024-11-30T16:10:38.623+0000] {dagbag.py:588} INFO - Filling up the DagBag from /opt/airflow/dags/college_info.py
[2024-11-30T16:10:52.614+0000] {logging_mixin.py:190} INFO - [2024-11-30T16:10:52.588+0000] {timeout.py:68} ERROR - Process timed out, PID: 81
[2024-11-30T16:10:52.622+0000] {logging_mixin.py:190} WARNING - Exception ignored in: <function WeakKeyDictionary.__init__.<locals>.remove at 0x7f0db58c3a60>
[2024-11-30T16:10:52.623+0000] {logging_mixin.py:190} WARNING - Traceback (most recent call last):
[2024-11-30T16:10:52.624+0000] {logging_mixin.py:190} WARNING -   File "/usr/local/lib/python3.12/weakref.py", line 369, in remove
[2024-11-30T16:10:52.634+0000] {logging_mixin.py:190} WARNING -     def remove(k, selfref=ref(self)):
[2024-11-30T16:10:52.636+0000] {logging_mixin.py:190} WARNING -   File "/home/airflow/.local/lib/python3.12/site-packages/airflow/utils/timeout.py", line 69, in handle_timeout
[2024-11-30T16:10:52.637+0000] {logging_mixin.py:190} WARNING -     raise AirflowTaskTimeout(self.error_message)
[2024-11-30T16:10:52.640+0000] {logging_mixin.py:190} WARNING - airflow.exceptions.AirflowTaskTimeout: DagBag import timeout for /opt/airflow/dags/college_info.py after 30.0s.
Please take a look at these docs to improve your DAG import time:
* https://airflow.apache.org/docs/apache-airflow/2.10.3/best-practices.html#top-level-python-code
* https://airflow.apache.org/docs/apache-airflow/2.10.3/best-practices.html#reducing-dag-complexity, PID: 81
[2024-11-30T16:11:02.087+0000] {processor.py:925} INFO - DAG(s) 'collegeinfo_dag' retrieved from /opt/airflow/dags/college_info.py
[2024-11-30T16:11:07.064+0000] {logging_mixin.py:190} INFO - [2024-11-30T16:11:07.056+0000] {override.py:1911} INFO - Created Permission View: can edit on DAG:collegeinfo_dag
[2024-11-30T16:11:07.126+0000] {logging_mixin.py:190} INFO - [2024-11-30T16:11:07.126+0000] {override.py:1911} INFO - Created Permission View: can read on DAG:collegeinfo_dag
[2024-11-30T16:11:07.182+0000] {logging_mixin.py:190} INFO - [2024-11-30T16:11:07.182+0000] {override.py:1911} INFO - Created Permission View: can delete on DAG:collegeinfo_dag
[2024-11-30T16:11:07.265+0000] {logging_mixin.py:190} INFO - [2024-11-30T16:11:07.264+0000] {override.py:1911} INFO - Created Permission View: can create on DAG Run:collegeinfo_dag
[2024-11-30T16:11:07.303+0000] {logging_mixin.py:190} INFO - [2024-11-30T16:11:07.302+0000] {override.py:1911} INFO - Created Permission View: can read on DAG Run:collegeinfo_dag
[2024-11-30T16:11:07.355+0000] {logging_mixin.py:190} INFO - [2024-11-30T16:11:07.355+0000] {override.py:1911} INFO - Created Permission View: menu access on DAG Run:collegeinfo_dag
[2024-11-30T16:11:07.394+0000] {logging_mixin.py:190} INFO - [2024-11-30T16:11:07.394+0000] {override.py:1911} INFO - Created Permission View: can delete on DAG Run:collegeinfo_dag
[2024-11-30T16:11:07.396+0000] {logging_mixin.py:190} INFO - [2024-11-30T16:11:07.395+0000] {dag.py:3239} INFO - Sync 1 DAGs
[2024-11-30T16:11:07.440+0000] {logging_mixin.py:190} INFO - [2024-11-30T16:11:07.439+0000] {dag.py:3262} INFO - Creating ORM DAG for collegeinfo_dag
[2024-11-30T16:11:07.480+0000] {logging_mixin.py:190} INFO - [2024-11-30T16:11:07.479+0000] {dag.py:4180} INFO - Setting next_dagrun for collegeinfo_dag to 2024-11-30 20:00:00+00:00, run_after=2024-12-01 20:00:00+00:00
[2024-11-30T16:11:07.655+0000] {processor.py:208} INFO - Processing /opt/airflow/dags/college_info.py took 55.319 seconds
[2024-11-30T16:11:12.146+0000] {logging_mixin.py:190} INFO - [2024-11-30T16:11:12.134+0000] {timeout.py:68} ERROR - Process timed out, PID: 35
[2024-11-30T16:11:12.147+0000] {logging_mixin.py:190} WARNING - Exception ignored in: <function WeakKeyDictionary.__init__.<locals>.remove at 0x7f37d4b7ba60>
[2024-11-30T16:11:12.148+0000] {logging_mixin.py:190} WARNING - Traceback (most recent call last):
[2024-11-30T16:11:12.148+0000] {logging_mixin.py:190} WARNING -   File "/usr/local/lib/python3.12/weakref.py", line 369, in remove
[2024-11-30T16:11:12.158+0000] {logging_mixin.py:190} WARNING -     def remove(k, selfref=ref(self)):
[2024-11-30T16:11:12.159+0000] {logging_mixin.py:190} WARNING -   File "/home/airflow/.local/lib/python3.12/site-packages/airflow/utils/timeout.py", line 69, in handle_timeout
[2024-11-30T16:11:12.161+0000] {logging_mixin.py:190} WARNING -     raise AirflowTaskTimeout(self.error_message)
[2024-11-30T16:11:12.165+0000] {logging_mixin.py:190} WARNING - airflow.exceptions.AirflowTaskTimeout: DagBag import timeout for /opt/airflow/dags/college_info.py after 30.0s.
Please take a look at these docs to improve your DAG import time:
* https://airflow.apache.org/docs/apache-airflow/2.10.3/best-practices.html#top-level-python-code
* https://airflow.apache.org/docs/apache-airflow/2.10.3/best-practices.html#reducing-dag-complexity, PID: 35
[2024-11-30T16:11:13.164+0000] {processor.py:925} INFO - DAG(s) 'collegeinfo_dag' retrieved from /opt/airflow/dags/college_info.py
[2024-11-30T16:11:13.196+0000] {logging_mixin.py:190} INFO - [2024-11-30T16:11:13.195+0000] {dag.py:3239} INFO - Sync 1 DAGs
[2024-11-30T16:11:13.277+0000] {logging_mixin.py:190} INFO - [2024-11-30T16:11:13.276+0000] {dag.py:4180} INFO - Setting next_dagrun for collegeinfo_dag to 2024-11-30 20:00:00+00:00, run_after=2024-12-01 20:00:00+00:00
[2024-11-30T16:11:13.367+0000] {processor.py:208} INFO - Processing /opt/airflow/dags/college_info.py took 35.442 seconds
[2024-11-30T16:11:39.871+0000] {processor.py:186} INFO - Started process (PID=84) to work on /opt/airflow/dags/college_info.py
[2024-11-30T16:11:39.926+0000] {processor.py:914} INFO - Processing file /opt/airflow/dags/college_info.py for tasks to queue
[2024-11-30T16:11:40.127+0000] {logging_mixin.py:190} INFO - [2024-11-30T16:11:40.097+0000] {dagbag.py:588} INFO - Filling up the DagBag from /opt/airflow/dags/college_info.py
[2024-11-30T16:11:55.077+0000] {processor.py:186} INFO - Started process (PID=38) to work on /opt/airflow/dags/college_info.py
[2024-11-30T16:11:55.201+0000] {processor.py:914} INFO - Processing file /opt/airflow/dags/college_info.py for tasks to queue
[2024-11-30T16:11:55.443+0000] {logging_mixin.py:190} INFO - [2024-11-30T16:11:55.399+0000] {dagbag.py:588} INFO - Filling up the DagBag from /opt/airflow/dags/college_info.py
[2024-11-30T16:13:13.943+0000] {logging_mixin.py:190} INFO - [2024-11-30T16:13:13.908+0000] {timeout.py:68} ERROR - Process timed out, PID: 38
[2024-11-30T16:13:13.956+0000] {logging_mixin.py:190} WARNING - Exception ignored in: <function WeakKeyDictionary.__init__.<locals>.remove at 0x7f37d4b7ba60>
[2024-11-30T16:13:13.961+0000] {logging_mixin.py:190} WARNING - Traceback (most recent call last):
[2024-11-30T16:13:13.963+0000] {logging_mixin.py:190} WARNING -   File "/usr/local/lib/python3.12/weakref.py", line 369, in remove
[2024-11-30T16:13:13.984+0000] {logging_mixin.py:190} WARNING -     def remove(k, selfref=ref(self)):
[2024-11-30T16:13:13.988+0000] {logging_mixin.py:190} WARNING -   File "/home/airflow/.local/lib/python3.12/site-packages/airflow/utils/timeout.py", line 69, in handle_timeout
[2024-11-30T16:13:13.989+0000] {logging_mixin.py:190} WARNING -     raise AirflowTaskTimeout(self.error_message)
[2024-11-30T16:13:13.996+0000] {logging_mixin.py:190} WARNING - airflow.exceptions.AirflowTaskTimeout: DagBag import timeout for /opt/airflow/dags/college_info.py after 30.0s.
Please take a look at these docs to improve your DAG import time:
* https://airflow.apache.org/docs/apache-airflow/2.10.3/best-practices.html#top-level-python-code
* https://airflow.apache.org/docs/apache-airflow/2.10.3/best-practices.html#reducing-dag-complexity, PID: 38
[2024-11-30T16:13:17.988+0000] {processor.py:925} INFO - DAG(s) 'collegeinfo_dag' retrieved from /opt/airflow/dags/college_info.py
[2024-11-30T16:13:19.389+0000] {logging_mixin.py:190} INFO - [2024-11-30T16:13:19.388+0000] {dag.py:3239} INFO - Sync 1 DAGs
[2024-11-30T16:13:19.441+0000] {logging_mixin.py:190} INFO - [2024-11-30T16:13:19.441+0000] {dag.py:4180} INFO - Setting next_dagrun for collegeinfo_dag to 2024-11-30 20:00:00+00:00, run_after=2024-12-01 20:00:00+00:00
[2024-11-30T16:13:19.568+0000] {processor.py:208} INFO - Processing /opt/airflow/dags/college_info.py took 85.439 seconds
[2024-11-30T16:13:50.059+0000] {processor.py:186} INFO - Started process (PID=41) to work on /opt/airflow/dags/college_info.py
[2024-11-30T16:13:50.083+0000] {processor.py:914} INFO - Processing file /opt/airflow/dags/college_info.py for tasks to queue
[2024-11-30T16:13:50.169+0000] {logging_mixin.py:190} INFO - [2024-11-30T16:13:50.159+0000] {dagbag.py:588} INFO - Filling up the DagBag from /opt/airflow/dags/college_info.py
[2024-11-30T16:14:04.169+0000] {processor.py:925} INFO - DAG(s) 'collegeinfo_dag' retrieved from /opt/airflow/dags/college_info.py
[2024-11-30T16:14:04.465+0000] {logging_mixin.py:190} INFO - [2024-11-30T16:14:04.463+0000] {dag.py:3239} INFO - Sync 1 DAGs
[2024-11-30T16:14:04.492+0000] {logging_mixin.py:190} INFO - [2024-11-30T16:14:04.492+0000] {dag.py:4180} INFO - Setting next_dagrun for collegeinfo_dag to 2024-11-30 20:00:00+00:00, run_after=2024-12-01 20:00:00+00:00
[2024-11-30T16:14:04.581+0000] {processor.py:208} INFO - Processing /opt/airflow/dags/college_info.py took 14.811 seconds
[2024-11-30T16:14:36.700+0000] {processor.py:186} INFO - Started process (PID=44) to work on /opt/airflow/dags/college_info.py
[2024-11-30T16:14:36.764+0000] {processor.py:914} INFO - Processing file /opt/airflow/dags/college_info.py for tasks to queue
[2024-11-30T16:14:37.153+0000] {logging_mixin.py:190} INFO - [2024-11-30T16:14:37.112+0000] {dagbag.py:588} INFO - Filling up the DagBag from /opt/airflow/dags/college_info.py
[2024-11-30T16:14:54.310+0000] {processor.py:925} INFO - DAG(s) 'collegeinfo_dag' retrieved from /opt/airflow/dags/college_info.py
[2024-11-30T16:14:54.909+0000] {logging_mixin.py:190} INFO - [2024-11-30T16:14:54.904+0000] {dag.py:3239} INFO - Sync 1 DAGs
[2024-11-30T16:14:54.968+0000] {logging_mixin.py:190} INFO - [2024-11-30T16:14:54.968+0000] {dag.py:4180} INFO - Setting next_dagrun for collegeinfo_dag to 2024-11-30 20:00:00+00:00, run_after=2024-12-01 20:00:00+00:00
[2024-11-30T16:14:55.080+0000] {processor.py:208} INFO - Processing /opt/airflow/dags/college_info.py took 18.946 seconds
[2024-11-30T16:15:26.795+0000] {processor.py:186} INFO - Started process (PID=47) to work on /opt/airflow/dags/college_info.py
[2024-11-30T16:15:26.842+0000] {processor.py:914} INFO - Processing file /opt/airflow/dags/college_info.py for tasks to queue
[2024-11-30T16:15:27.030+0000] {logging_mixin.py:190} INFO - [2024-11-30T16:15:27.011+0000] {dagbag.py:588} INFO - Filling up the DagBag from /opt/airflow/dags/college_info.py
[2024-11-30T16:21:13.865+0000] {processor.py:186} INFO - Started process (PID=75) to work on /opt/airflow/dags/college_info.py
[2024-11-30T16:21:13.888+0000] {processor.py:914} INFO - Processing file /opt/airflow/dags/college_info.py for tasks to queue
[2024-11-30T16:21:13.958+0000] {logging_mixin.py:190} INFO - [2024-11-30T16:21:13.948+0000] {dagbag.py:588} INFO - Filling up the DagBag from /opt/airflow/dags/college_info.py
[2024-11-30T16:21:27.167+0000] {processor.py:925} INFO - DAG(s) 'collegeinfo_dag' retrieved from /opt/airflow/dags/college_info.py
[2024-11-30T16:21:28.225+0000] {logging_mixin.py:190} INFO - [2024-11-30T16:21:28.220+0000] {dag.py:3239} INFO - Sync 1 DAGs
[2024-11-30T16:21:28.325+0000] {logging_mixin.py:190} INFO - [2024-11-30T16:21:28.325+0000] {dag.py:4180} INFO - Setting next_dagrun for collegeinfo_dag to 2024-11-30 20:00:00+00:00, run_after=2024-12-01 20:00:00+00:00
[2024-11-30T16:21:28.499+0000] {processor.py:208} INFO - Processing /opt/airflow/dags/college_info.py took 14.770 seconds
[2024-11-30T16:23:12.647+0000] {processor.py:186} INFO - Started process (PID=111) to work on /opt/airflow/dags/college_info.py
[2024-11-30T16:23:12.714+0000] {processor.py:914} INFO - Processing file /opt/airflow/dags/college_info.py for tasks to queue
[2024-11-30T16:23:12.758+0000] {logging_mixin.py:190} INFO - [2024-11-30T16:23:12.746+0000] {dagbag.py:588} INFO - Filling up the DagBag from /opt/airflow/dags/college_info.py
[2024-11-30T16:24:03.746+0000] {logging_mixin.py:190} INFO - [2024-11-30T16:24:03.665+0000] {timeout.py:68} ERROR - Process timed out, PID: 111
[2024-11-30T16:24:03.919+0000] {logging_mixin.py:190} INFO - [2024-11-30T16:24:03.759+0000] {dagbag.py:387} ERROR - Failed to import: /opt/airflow/dags/college_info.py
Traceback (most recent call last):
  File "/home/airflow/.local/lib/python3.12/site-packages/airflow/models/dagbag.py", line 383, in parse
    loader.exec_module(new_module)
  File "<frozen importlib._bootstrap_external>", line 995, in exec_module
  File "<frozen importlib._bootstrap>", line 488, in _call_with_frames_removed
  File "/opt/airflow/dags/college_info.py", line 7, in <module>
    import pandas as pd
  File "/home/airflow/.local/lib/python3.12/site-packages/pandas/__init__.py", line 26, in <module>
    from pandas.compat import (
  File "/home/airflow/.local/lib/python3.12/site-packages/pandas/compat/__init__.py", line 27, in <module>
    from pandas.compat.pyarrow import (
  File "/home/airflow/.local/lib/python3.12/site-packages/pandas/compat/pyarrow.py", line 8, in <module>
    import pyarrow as pa
  File "/home/airflow/.local/lib/python3.12/site-packages/pyarrow/__init__.py", line 285, in <module>
    from pyarrow.ipc import serialize_pandas, deserialize_pandas
  File "<frozen importlib._bootstrap>", line 1354, in _find_and_load
  File "/home/airflow/.local/lib/python3.12/site-packages/airflow/utils/timeout.py", line 69, in handle_timeout
    raise AirflowTaskTimeout(self.error_message)
airflow.exceptions.AirflowTaskTimeout: DagBag import timeout for /opt/airflow/dags/college_info.py after 30.0s.
Please take a look at these docs to improve your DAG import time:
* https://airflow.apache.org/docs/apache-airflow/2.10.3/best-practices.html#top-level-python-code
* https://airflow.apache.org/docs/apache-airflow/2.10.3/best-practices.html#reducing-dag-complexity, PID: 111
[2024-11-30T16:24:03.929+0000] {processor.py:927} WARNING - No viable dags retrieved from /opt/airflow/dags/college_info.py
[2024-11-30T16:24:04.193+0000] {processor.py:208} INFO - Processing /opt/airflow/dags/college_info.py took 51.969 seconds
[2024-11-30T16:24:36.429+0000] {processor.py:186} INFO - Started process (PID=116) to work on /opt/airflow/dags/college_info.py
[2024-11-30T16:24:36.468+0000] {processor.py:914} INFO - Processing file /opt/airflow/dags/college_info.py for tasks to queue
[2024-11-30T16:24:36.511+0000] {logging_mixin.py:190} INFO - [2024-11-30T16:24:36.491+0000] {dagbag.py:588} INFO - Filling up the DagBag from /opt/airflow/dags/college_info.py
[2024-11-30T16:24:56.724+0000] {processor.py:925} INFO - DAG(s) 'collegeinfo_dag' retrieved from /opt/airflow/dags/college_info.py
[2024-11-30T16:24:58.887+0000] {logging_mixin.py:190} INFO - [2024-11-30T16:24:58.845+0000] {dag.py:3239} INFO - Sync 1 DAGs
[2024-11-30T16:24:59.168+0000] {logging_mixin.py:190} INFO - [2024-11-30T16:24:59.167+0000] {dag.py:4180} INFO - Setting next_dagrun for collegeinfo_dag to 2024-11-30 20:00:00+00:00, run_after=2024-12-01 20:00:00+00:00
[2024-11-30T16:24:59.516+0000] {processor.py:208} INFO - Processing /opt/airflow/dags/college_info.py took 23.559 seconds
[2024-11-30T16:25:30.788+0000] {processor.py:186} INFO - Started process (PID=119) to work on /opt/airflow/dags/college_info.py
[2024-11-30T16:25:30.860+0000] {processor.py:914} INFO - Processing file /opt/airflow/dags/college_info.py for tasks to queue
[2024-11-30T16:25:30.945+0000] {logging_mixin.py:190} INFO - [2024-11-30T16:25:30.906+0000] {dagbag.py:588} INFO - Filling up the DagBag from /opt/airflow/dags/college_info.py
[2024-11-30T16:26:11.568+0000] {logging_mixin.py:190} INFO - [2024-11-30T16:26:03.343+0000] {timeout.py:68} ERROR - Process timed out, PID: 119
[2024-11-30T16:26:11.749+0000] {logging_mixin.py:190} INFO - [2024-11-30T16:26:11.591+0000] {dagbag.py:387} ERROR - Failed to import: /opt/airflow/dags/college_info.py
Traceback (most recent call last):
  File "/home/airflow/.local/lib/python3.12/site-packages/airflow/models/dagbag.py", line 383, in parse
    loader.exec_module(new_module)
  File "<frozen importlib._bootstrap_external>", line 995, in exec_module
  File "<frozen importlib._bootstrap>", line 488, in _call_with_frames_removed
  File "/opt/airflow/dags/college_info.py", line 7, in <module>
    import pandas as pd
  File "/home/airflow/.local/lib/python3.12/site-packages/pandas/__init__.py", line 49, in <module>
    from pandas.core.api import (
  File "/home/airflow/.local/lib/python3.12/site-packages/pandas/core/api.py", line 28, in <module>
    from pandas.core.arrays import Categorical
  File "/home/airflow/.local/lib/python3.12/site-packages/pandas/core/arrays/__init__.py", line 9, in <module>
    from pandas.core.arrays.datetimes import DatetimeArray
  File "/home/airflow/.local/lib/python3.12/site-packages/pandas/core/arrays/datetimes.py", line 62, in <module>
    from pandas.core.arrays import datetimelike as dtl
  File "<frozen importlib._bootstrap>", line 1360, in _find_and_load
  File "<frozen importlib._bootstrap>", line 1331, in _find_and_load_unlocked
  File "<frozen importlib._bootstrap>", line 935, in _load_unlocked
  File "<frozen importlib._bootstrap_external>", line 991, in exec_module
  File "<frozen importlib._bootstrap_external>", line 1124, in get_code
  File "<frozen importlib._bootstrap_external>", line 753, in _compile_bytecode
  File "/home/airflow/.local/lib/python3.12/site-packages/airflow/utils/timeout.py", line 69, in handle_timeout
    raise AirflowTaskTimeout(self.error_message)
airflow.exceptions.AirflowTaskTimeout: DagBag import timeout for /opt/airflow/dags/college_info.py after 30.0s.
Please take a look at these docs to improve your DAG import time:
* https://airflow.apache.org/docs/apache-airflow/2.10.3/best-practices.html#top-level-python-code
* https://airflow.apache.org/docs/apache-airflow/2.10.3/best-practices.html#reducing-dag-complexity, PID: 119
[2024-11-30T16:26:11.767+0000] {processor.py:927} WARNING - No viable dags retrieved from /opt/airflow/dags/college_info.py
[2024-11-30T16:26:13.683+0000] {processor.py:208} INFO - Processing /opt/airflow/dags/college_info.py took 43.306 seconds
[2024-11-30T16:27:02.681+0000] {processor.py:186} INFO - Started process (PID=124) to work on /opt/airflow/dags/college_info.py
[2024-11-30T16:27:02.744+0000] {processor.py:914} INFO - Processing file /opt/airflow/dags/college_info.py for tasks to queue
[2024-11-30T16:27:02.815+0000] {logging_mixin.py:190} INFO - [2024-11-30T16:27:02.779+0000] {dagbag.py:588} INFO - Filling up the DagBag from /opt/airflow/dags/college_info.py
[2024-11-30T16:27:52.992+0000] {logging_mixin.py:190} INFO - [2024-11-30T16:27:52.939+0000] {timeout.py:68} ERROR - Process timed out, PID: 124
[2024-11-30T16:27:53.087+0000] {logging_mixin.py:190} INFO - [2024-11-30T16:27:53.010+0000] {dagbag.py:387} ERROR - Failed to import: /opt/airflow/dags/college_info.py
Traceback (most recent call last):
  File "/home/airflow/.local/lib/python3.12/site-packages/airflow/models/dagbag.py", line 383, in parse
    loader.exec_module(new_module)
  File "<frozen importlib._bootstrap_external>", line 995, in exec_module
  File "<frozen importlib._bootstrap>", line 488, in _call_with_frames_removed
  File "/opt/airflow/dags/college_info.py", line 4, in <module>
    from bs4 import BeautifulSoup
  File "/home/airflow/.local/lib/python3.12/site-packages/bs4/__init__.py", line 37, in <module>
    from .builder import (
  File "/home/airflow/.local/lib/python3.12/site-packages/bs4/builder/__init__.py", line 626, in <module>
    from . import _html5lib
  File "/home/airflow/.local/lib/python3.12/site-packages/bs4/builder/_html5lib.py", line 21, in <module>
    import html5lib
  File "<frozen importlib._bootstrap>", line 1357, in _find_and_load
  File "<frozen importlib._bootstrap>", line 418, in __enter__
  File "<frozen importlib._bootstrap>", line 311, in acquire
  File "<frozen importlib._bootstrap>", line 170, in __enter__
  File "/home/airflow/.local/lib/python3.12/site-packages/airflow/utils/timeout.py", line 69, in handle_timeout
    raise AirflowTaskTimeout(self.error_message)
airflow.exceptions.AirflowTaskTimeout: DagBag import timeout for /opt/airflow/dags/college_info.py after 30.0s.
Please take a look at these docs to improve your DAG import time:
* https://airflow.apache.org/docs/apache-airflow/2.10.3/best-practices.html#top-level-python-code
* https://airflow.apache.org/docs/apache-airflow/2.10.3/best-practices.html#reducing-dag-complexity, PID: 124
[2024-11-30T16:27:53.094+0000] {processor.py:927} WARNING - No viable dags retrieved from /opt/airflow/dags/college_info.py
[2024-11-30T16:27:53.353+0000] {processor.py:208} INFO - Processing /opt/airflow/dags/college_info.py took 51.186 seconds
[2024-11-30T16:28:26.509+0000] {processor.py:186} INFO - Started process (PID=127) to work on /opt/airflow/dags/college_info.py
[2024-11-30T16:28:26.633+0000] {processor.py:914} INFO - Processing file /opt/airflow/dags/college_info.py for tasks to queue
[2024-11-30T16:28:26.768+0000] {logging_mixin.py:190} INFO - [2024-11-30T16:28:26.719+0000] {dagbag.py:588} INFO - Filling up the DagBag from /opt/airflow/dags/college_info.py
[2024-11-30T16:28:45.473+0000] {processor.py:925} INFO - DAG(s) 'collegeinfo_dag' retrieved from /opt/airflow/dags/college_info.py
[2024-11-30T16:28:46.173+0000] {logging_mixin.py:190} INFO - [2024-11-30T16:28:46.165+0000] {dag.py:3239} INFO - Sync 1 DAGs
[2024-11-30T16:28:46.178+0000] {logging_mixin.py:190} INFO - [2024-11-30T16:28:46.178+0000] {dag.py:4180} INFO - Setting next_dagrun for collegeinfo_dag to 2024-11-30 20:00:00+00:00, run_after=2024-12-01 20:00:00+00:00
[2024-11-30T16:28:46.326+0000] {processor.py:208} INFO - Processing /opt/airflow/dags/college_info.py took 20.443 seconds
[2024-11-30T16:29:19.622+0000] {processor.py:186} INFO - Started process (PID=131) to work on /opt/airflow/dags/college_info.py
[2024-11-30T16:29:19.662+0000] {processor.py:914} INFO - Processing file /opt/airflow/dags/college_info.py for tasks to queue
[2024-11-30T16:29:19.761+0000] {logging_mixin.py:190} INFO - [2024-11-30T16:29:19.716+0000] {dagbag.py:588} INFO - Filling up the DagBag from /opt/airflow/dags/college_info.py
[2024-11-30T16:29:58.108+0000] {logging_mixin.py:190} INFO - [2024-11-30T16:29:58.067+0000] {timeout.py:68} ERROR - Process timed out, PID: 131
[2024-11-30T16:29:58.112+0000] {logging_mixin.py:190} WARNING - Exception ignored in: <function WeakKeyDictionary.__init__.<locals>.remove at 0x7fd75c90ba60>
[2024-11-30T16:29:58.113+0000] {logging_mixin.py:190} WARNING - Traceback (most recent call last):
[2024-11-30T16:29:58.113+0000] {logging_mixin.py:190} WARNING -   File "/usr/local/lib/python3.12/weakref.py", line 369, in remove
[2024-11-30T16:29:58.146+0000] {logging_mixin.py:190} WARNING -     def remove(k, selfref=ref(self)):
[2024-11-30T16:29:58.148+0000] {logging_mixin.py:190} WARNING -   File "/home/airflow/.local/lib/python3.12/site-packages/airflow/utils/timeout.py", line 69, in handle_timeout
[2024-11-30T16:29:58.165+0000] {logging_mixin.py:190} WARNING -     raise AirflowTaskTimeout(self.error_message)
[2024-11-30T16:29:58.168+0000] {logging_mixin.py:190} WARNING - airflow.exceptions.AirflowTaskTimeout: DagBag import timeout for /opt/airflow/dags/college_info.py after 30.0s.
Please take a look at these docs to improve your DAG import time:
* https://airflow.apache.org/docs/apache-airflow/2.10.3/best-practices.html#top-level-python-code
* https://airflow.apache.org/docs/apache-airflow/2.10.3/best-practices.html#reducing-dag-complexity, PID: 131
[2024-11-30T16:30:16.125+0000] {processor.py:925} INFO - DAG(s) 'collegeinfo_dag' retrieved from /opt/airflow/dags/college_info.py
[2024-11-30T16:30:17.535+0000] {logging_mixin.py:190} INFO - [2024-11-30T16:30:17.511+0000] {dag.py:3239} INFO - Sync 1 DAGs
[2024-11-30T16:30:17.675+0000] {logging_mixin.py:190} INFO - [2024-11-30T16:30:17.675+0000] {dag.py:4180} INFO - Setting next_dagrun for collegeinfo_dag to 2024-11-30 20:00:00+00:00, run_after=2024-12-01 20:00:00+00:00
[2024-11-30T16:30:17.884+0000] {processor.py:208} INFO - Processing /opt/airflow/dags/college_info.py took 58.689 seconds
[2024-11-30T16:30:50.105+0000] {processor.py:186} INFO - Started process (PID=136) to work on /opt/airflow/dags/college_info.py
[2024-11-30T16:30:50.225+0000] {processor.py:914} INFO - Processing file /opt/airflow/dags/college_info.py for tasks to queue
[2024-11-30T16:30:50.336+0000] {logging_mixin.py:190} INFO - [2024-11-30T16:30:50.284+0000] {dagbag.py:588} INFO - Filling up the DagBag from /opt/airflow/dags/college_info.py
[2024-11-30T16:31:16.083+0000] {processor.py:925} INFO - DAG(s) 'collegeinfo_dag' retrieved from /opt/airflow/dags/college_info.py
[2024-11-30T16:31:16.575+0000] {logging_mixin.py:190} INFO - [2024-11-30T16:31:16.568+0000] {dag.py:3239} INFO - Sync 1 DAGs
[2024-11-30T16:31:16.579+0000] {logging_mixin.py:190} INFO - [2024-11-30T16:31:16.578+0000] {dag.py:4180} INFO - Setting next_dagrun for collegeinfo_dag to 2024-11-30 20:00:00+00:00, run_after=2024-12-01 20:00:00+00:00
[2024-11-30T16:31:16.706+0000] {processor.py:208} INFO - Processing /opt/airflow/dags/college_info.py took 27.120 seconds
[2024-11-30T16:31:47.809+0000] {processor.py:186} INFO - Started process (PID=139) to work on /opt/airflow/dags/college_info.py
[2024-11-30T16:31:47.829+0000] {processor.py:914} INFO - Processing file /opt/airflow/dags/college_info.py for tasks to queue
[2024-11-30T16:31:47.850+0000] {logging_mixin.py:190} INFO - [2024-11-30T16:31:47.838+0000] {dagbag.py:588} INFO - Filling up the DagBag from /opt/airflow/dags/college_info.py
[2024-11-30T16:32:03.637+0000] {processor.py:925} INFO - DAG(s) 'collegeinfo_dag' retrieved from /opt/airflow/dags/college_info.py
[2024-11-30T16:32:03.981+0000] {logging_mixin.py:190} INFO - [2024-11-30T16:32:03.980+0000] {dag.py:3239} INFO - Sync 1 DAGs
[2024-11-30T16:32:04.012+0000] {logging_mixin.py:190} INFO - [2024-11-30T16:32:04.012+0000] {dag.py:4180} INFO - Setting next_dagrun for collegeinfo_dag to 2024-11-30 20:00:00+00:00, run_after=2024-12-01 20:00:00+00:00
[2024-11-30T16:32:04.099+0000] {processor.py:208} INFO - Processing /opt/airflow/dags/college_info.py took 16.389 seconds
[2024-11-30T16:32:34.824+0000] {processor.py:186} INFO - Started process (PID=142) to work on /opt/airflow/dags/college_info.py
[2024-11-30T16:32:34.837+0000] {processor.py:914} INFO - Processing file /opt/airflow/dags/college_info.py for tasks to queue
[2024-11-30T16:32:34.858+0000] {logging_mixin.py:190} INFO - [2024-11-30T16:32:34.849+0000] {dagbag.py:588} INFO - Filling up the DagBag from /opt/airflow/dags/college_info.py
[2024-11-30T16:32:46.657+0000] {processor.py:925} INFO - DAG(s) 'collegeinfo_dag' retrieved from /opt/airflow/dags/college_info.py
[2024-11-30T16:32:47.129+0000] {logging_mixin.py:190} INFO - [2024-11-30T16:32:47.125+0000] {dag.py:3239} INFO - Sync 1 DAGs
[2024-11-30T16:32:47.193+0000] {logging_mixin.py:190} INFO - [2024-11-30T16:32:47.193+0000] {dag.py:4180} INFO - Setting next_dagrun for collegeinfo_dag to 2024-11-30 20:00:00+00:00, run_after=2024-12-01 20:00:00+00:00
[2024-11-30T16:32:47.409+0000] {processor.py:208} INFO - Processing /opt/airflow/dags/college_info.py took 12.724 seconds
[2024-11-30T16:33:19.279+0000] {processor.py:186} INFO - Started process (PID=145) to work on /opt/airflow/dags/college_info.py
[2024-11-30T16:33:19.295+0000] {processor.py:914} INFO - Processing file /opt/airflow/dags/college_info.py for tasks to queue
[2024-11-30T16:33:19.379+0000] {logging_mixin.py:190} INFO - [2024-11-30T16:33:19.318+0000] {dagbag.py:588} INFO - Filling up the DagBag from /opt/airflow/dags/college_info.py
[2024-11-30T16:33:27.275+0000] {processor.py:925} INFO - DAG(s) 'collegeinfo_dag' retrieved from /opt/airflow/dags/college_info.py
[2024-11-30T16:33:28.100+0000] {logging_mixin.py:190} INFO - [2024-11-30T16:33:28.097+0000] {dag.py:3239} INFO - Sync 1 DAGs
[2024-11-30T16:33:28.199+0000] {logging_mixin.py:190} INFO - [2024-11-30T16:33:28.198+0000] {dag.py:4180} INFO - Setting next_dagrun for collegeinfo_dag to 2024-11-30 20:00:00+00:00, run_after=2024-12-01 20:00:00+00:00
[2024-11-30T16:33:28.392+0000] {processor.py:208} INFO - Processing /opt/airflow/dags/college_info.py took 9.507 seconds
[2024-11-30T16:33:52.310+0000] {processor.py:186} INFO - Started process (PID=148) to work on /opt/airflow/dags/college_info.py
[2024-11-30T16:33:52.362+0000] {processor.py:914} INFO - Processing file /opt/airflow/dags/college_info.py for tasks to queue
[2024-11-30T16:33:52.415+0000] {logging_mixin.py:190} INFO - [2024-11-30T16:33:52.398+0000] {dagbag.py:588} INFO - Filling up the DagBag from /opt/airflow/dags/college_info.py
[2024-11-30T16:34:00.778+0000] {processor.py:925} INFO - DAG(s) 'collegeinfo_dag' retrieved from /opt/airflow/dags/college_info.py
[2024-11-30T16:34:01.404+0000] {logging_mixin.py:190} INFO - [2024-11-30T16:34:01.399+0000] {dag.py:3239} INFO - Sync 1 DAGs
[2024-11-30T16:34:01.479+0000] {logging_mixin.py:190} INFO - [2024-11-30T16:34:01.478+0000] {dag.py:4180} INFO - Setting next_dagrun for collegeinfo_dag to 2024-11-30 20:00:00+00:00, run_after=2024-12-01 20:00:00+00:00
[2024-11-30T16:34:02.014+0000] {processor.py:208} INFO - Processing /opt/airflow/dags/college_info.py took 9.955 seconds
[2024-11-30T16:35:44.841+0000] {processor.py:186} INFO - Started process (PID=171) to work on /opt/airflow/dags/college_info.py
[2024-11-30T16:35:44.885+0000] {processor.py:914} INFO - Processing file /opt/airflow/dags/college_info.py for tasks to queue
[2024-11-30T16:35:44.923+0000] {logging_mixin.py:190} INFO - [2024-11-30T16:35:44.911+0000] {dagbag.py:588} INFO - Filling up the DagBag from /opt/airflow/dags/college_info.py
[2024-11-30T16:36:03.398+0000] {processor.py:925} INFO - DAG(s) 'collegeinfo_dag' retrieved from /opt/airflow/dags/college_info.py
[2024-11-30T16:36:07.045+0000] {logging_mixin.py:190} INFO - [2024-11-30T16:36:07.004+0000] {dag.py:3239} INFO - Sync 1 DAGs
[2024-11-30T16:36:07.455+0000] {logging_mixin.py:190} INFO - [2024-11-30T16:36:07.448+0000] {dag.py:4180} INFO - Setting next_dagrun for collegeinfo_dag to 2024-11-30 20:00:00+00:00, run_after=2024-12-01 20:00:00+00:00
[2024-11-30T16:36:08.082+0000] {processor.py:208} INFO - Processing /opt/airflow/dags/college_info.py took 23.538 seconds
[2024-11-30T16:36:40.239+0000] {processor.py:186} INFO - Started process (PID=175) to work on /opt/airflow/dags/college_info.py
[2024-11-30T16:36:40.303+0000] {processor.py:914} INFO - Processing file /opt/airflow/dags/college_info.py for tasks to queue
[2024-11-30T16:36:40.352+0000] {logging_mixin.py:190} INFO - [2024-11-30T16:36:40.335+0000] {dagbag.py:588} INFO - Filling up the DagBag from /opt/airflow/dags/college_info.py
[2024-11-30T16:37:36.784+0000] {logging_mixin.py:190} INFO - [2024-11-30T16:37:20.706+0000] {timeout.py:68} ERROR - Process timed out, PID: 175
[2024-11-30T16:37:37.306+0000] {logging_mixin.py:190} INFO - [2024-11-30T16:37:36.802+0000] {dagbag.py:387} ERROR - Failed to import: /opt/airflow/dags/college_info.py
Traceback (most recent call last):
  File "/home/airflow/.local/lib/python3.12/site-packages/airflow/models/dagbag.py", line 383, in parse
    loader.exec_module(new_module)
  File "<frozen importlib._bootstrap_external>", line 995, in exec_module
  File "<frozen importlib._bootstrap>", line 488, in _call_with_frames_removed
  File "/opt/airflow/dags/college_info.py", line 7, in <module>
    import pandas as pd
  File "/home/airflow/.local/lib/python3.12/site-packages/pandas/__init__.py", line 49, in <module>
    from pandas.core.api import (
  File "/home/airflow/.local/lib/python3.12/site-packages/pandas/core/api.py", line 47, in <module>
    from pandas.core.groupby import (
  File "/home/airflow/.local/lib/python3.12/site-packages/pandas/core/groupby/__init__.py", line 1, in <module>
    from pandas.core.groupby.generic import (
  File "/home/airflow/.local/lib/python3.12/site-packages/pandas/core/groupby/generic.py", line 68, in <module>
    from pandas.core.frame import DataFrame
  File "/home/airflow/.local/lib/python3.12/site-packages/pandas/core/frame.py", line 149, in <module>
    from pandas.core.generic import (
  File "/home/airflow/.local/lib/python3.12/site-packages/pandas/core/generic.py", line 152, in <module>
    from pandas.core import (
  File "/home/airflow/.local/lib/python3.12/site-packages/pandas/core/indexing.py", line 21, in <module>
    from pandas._libs.indexing import NDFrameIndexerBase
  File "<frozen importlib._bootstrap>", line 645, in parent
  File "/home/airflow/.local/lib/python3.12/site-packages/airflow/utils/timeout.py", line 69, in handle_timeout
    raise AirflowTaskTimeout(self.error_message)
airflow.exceptions.AirflowTaskTimeout: DagBag import timeout for /opt/airflow/dags/college_info.py after 30.0s.
Please take a look at these docs to improve your DAG import time:
* https://airflow.apache.org/docs/apache-airflow/2.10.3/best-practices.html#top-level-python-code
* https://airflow.apache.org/docs/apache-airflow/2.10.3/best-practices.html#reducing-dag-complexity, PID: 175
[2024-11-30T16:37:37.321+0000] {processor.py:927} WARNING - No viable dags retrieved from /opt/airflow/dags/college_info.py
[2024-11-30T16:37:39.004+0000] {processor.py:208} INFO - Processing /opt/airflow/dags/college_info.py took 59.046 seconds
[2024-11-30T16:38:09.667+0000] {processor.py:186} INFO - Started process (PID=179) to work on /opt/airflow/dags/college_info.py
[2024-11-30T16:38:09.753+0000] {processor.py:914} INFO - Processing file /opt/airflow/dags/college_info.py for tasks to queue
[2024-11-30T16:38:09.828+0000] {logging_mixin.py:190} INFO - [2024-11-30T16:38:09.793+0000] {dagbag.py:588} INFO - Filling up the DagBag from /opt/airflow/dags/college_info.py
[2024-11-30T16:38:17.577+0000] {processor.py:925} INFO - DAG(s) 'collegeinfo_dag' retrieved from /opt/airflow/dags/college_info.py
[2024-11-30T16:38:19.610+0000] {logging_mixin.py:190} INFO - [2024-11-30T16:38:19.609+0000] {dag.py:3239} INFO - Sync 1 DAGs
[2024-11-30T16:38:19.913+0000] {logging_mixin.py:190} INFO - [2024-11-30T16:38:19.913+0000] {dag.py:4180} INFO - Setting next_dagrun for collegeinfo_dag to 2024-11-30 20:00:00+00:00, run_after=2024-12-01 20:00:00+00:00
[2024-11-30T16:38:20.141+0000] {processor.py:208} INFO - Processing /opt/airflow/dags/college_info.py took 10.698 seconds
[2024-11-30T16:38:53.028+0000] {processor.py:186} INFO - Started process (PID=182) to work on /opt/airflow/dags/college_info.py
[2024-11-30T16:38:53.158+0000] {processor.py:914} INFO - Processing file /opt/airflow/dags/college_info.py for tasks to queue
[2024-11-30T16:38:53.248+0000] {logging_mixin.py:190} INFO - [2024-11-30T16:38:53.210+0000] {dagbag.py:588} INFO - Filling up the DagBag from /opt/airflow/dags/college_info.py
[2024-11-30T16:39:04.503+0000] {processor.py:925} INFO - DAG(s) 'collegeinfo_dag' retrieved from /opt/airflow/dags/college_info.py
[2024-11-30T16:39:07.112+0000] {logging_mixin.py:190} INFO - [2024-11-30T16:39:07.081+0000] {dag.py:3239} INFO - Sync 1 DAGs
[2024-11-30T16:39:07.289+0000] {logging_mixin.py:190} INFO - [2024-11-30T16:39:07.287+0000] {dag.py:4180} INFO - Setting next_dagrun for collegeinfo_dag to 2024-11-30 20:00:00+00:00, run_after=2024-12-01 20:00:00+00:00
[2024-11-30T16:39:07.487+0000] {processor.py:208} INFO - Processing /opt/airflow/dags/college_info.py took 15.591 seconds
[2024-11-30T16:39:39.156+0000] {processor.py:186} INFO - Started process (PID=186) to work on /opt/airflow/dags/college_info.py
[2024-11-30T16:39:39.213+0000] {processor.py:914} INFO - Processing file /opt/airflow/dags/college_info.py for tasks to queue
[2024-11-30T16:39:39.285+0000] {logging_mixin.py:190} INFO - [2024-11-30T16:39:39.247+0000] {dagbag.py:588} INFO - Filling up the DagBag from /opt/airflow/dags/college_info.py
[2024-11-30T16:39:46.667+0000] {processor.py:925} INFO - DAG(s) 'collegeinfo_dag' retrieved from /opt/airflow/dags/college_info.py
[2024-11-30T16:39:47.804+0000] {logging_mixin.py:190} INFO - [2024-11-30T16:39:47.802+0000] {dag.py:3239} INFO - Sync 1 DAGs
[2024-11-30T16:39:47.938+0000] {logging_mixin.py:190} INFO - [2024-11-30T16:39:47.938+0000] {dag.py:4180} INFO - Setting next_dagrun for collegeinfo_dag to 2024-11-30 20:00:00+00:00, run_after=2024-12-01 20:00:00+00:00
[2024-11-30T16:39:48.099+0000] {processor.py:208} INFO - Processing /opt/airflow/dags/college_info.py took 9.258 seconds
[2024-11-30T16:40:34.262+0000] {processor.py:186} INFO - Started process (PID=206) to work on /opt/airflow/dags/college_info.py
[2024-11-30T16:40:34.287+0000] {processor.py:914} INFO - Processing file /opt/airflow/dags/college_info.py for tasks to queue
[2024-11-30T16:40:34.320+0000] {logging_mixin.py:190} INFO - [2024-11-30T16:40:34.304+0000] {dagbag.py:588} INFO - Filling up the DagBag from /opt/airflow/dags/college_info.py
[2024-11-30T16:40:46.531+0000] {processor.py:925} INFO - DAG(s) 'collegeinfo_dag' retrieved from /opt/airflow/dags/college_info.py
[2024-11-30T16:40:50.684+0000] {logging_mixin.py:190} INFO - [2024-11-30T16:40:50.644+0000] {dag.py:3239} INFO - Sync 1 DAGs
[2024-11-30T16:40:51.046+0000] {logging_mixin.py:190} INFO - [2024-11-30T16:40:51.045+0000] {dag.py:4180} INFO - Setting next_dagrun for collegeinfo_dag to 2024-11-30 20:00:00+00:00, run_after=2024-12-01 20:00:00+00:00
[2024-11-30T16:40:51.336+0000] {processor.py:208} INFO - Processing /opt/airflow/dags/college_info.py took 17.346 seconds
[2024-11-30T16:42:44.085+0000] {processor.py:186} INFO - Started process (PID=227) to work on /opt/airflow/dags/college_info.py
[2024-11-30T16:42:44.182+0000] {processor.py:914} INFO - Processing file /opt/airflow/dags/college_info.py for tasks to queue
[2024-11-30T16:42:44.359+0000] {logging_mixin.py:190} INFO - [2024-11-30T16:42:44.310+0000] {dagbag.py:588} INFO - Filling up the DagBag from /opt/airflow/dags/college_info.py
[2024-11-30T16:43:14.527+0000] {logging_mixin.py:190} INFO - [2024-11-30T16:43:14.287+0000] {timeout.py:68} ERROR - Process timed out, PID: 227
[2024-11-30T16:43:14.558+0000] {logging_mixin.py:190} WARNING - Exception ignored in: <module 'collections.abc' from '/usr/local/lib/python3.12/collections/abc.py'>
[2024-11-30T16:43:14.568+0000] {logging_mixin.py:190} WARNING - Traceback (most recent call last):
[2024-11-30T16:43:14.570+0000] {logging_mixin.py:190} WARNING -   File "<string>", line 0, in <module>
[2024-11-30T16:43:14.572+0000] {logging_mixin.py:190} WARNING -   File "/home/airflow/.local/lib/python3.12/site-packages/airflow/utils/timeout.py", line 69, in handle_timeout
[2024-11-30T16:43:14.584+0000] {logging_mixin.py:190} WARNING -     raise AirflowTaskTimeout(self.error_message)
[2024-11-30T16:43:14.587+0000] {logging_mixin.py:190} WARNING - airflow.exceptions.AirflowTaskTimeout: DagBag import timeout for /opt/airflow/dags/college_info.py after 30.0s.
Please take a look at these docs to improve your DAG import time:
* https://airflow.apache.org/docs/apache-airflow/2.10.3/best-practices.html#top-level-python-code
* https://airflow.apache.org/docs/apache-airflow/2.10.3/best-practices.html#reducing-dag-complexity, PID: 227
[2024-11-30T16:43:21.897+0000] {logging_mixin.py:190} WARNING - <frozen importlib._bootstrap>:488 RuntimeWarning: Cython module failed to patch module with custom type
[2024-11-30T16:43:21.984+0000] {processor.py:925} INFO - DAG(s) 'collegeinfo_dag' retrieved from /opt/airflow/dags/college_info.py
[2024-11-30T16:43:27.907+0000] {logging_mixin.py:190} INFO - [2024-11-30T16:43:27.873+0000] {dag.py:3239} INFO - Sync 1 DAGs
[2024-11-30T16:43:28.363+0000] {logging_mixin.py:190} INFO - [2024-11-30T16:43:28.361+0000] {dag.py:4180} INFO - Setting next_dagrun for collegeinfo_dag to 2024-11-30 20:00:00+00:00, run_after=2024-12-01 20:00:00+00:00
[2024-11-30T16:43:30.679+0000] {processor.py:208} INFO - Processing /opt/airflow/dags/college_info.py took 47.651 seconds
[2024-11-30T16:44:03.204+0000] {processor.py:186} INFO - Started process (PID=230) to work on /opt/airflow/dags/college_info.py
[2024-11-30T16:44:03.283+0000] {processor.py:914} INFO - Processing file /opt/airflow/dags/college_info.py for tasks to queue
[2024-11-30T16:44:03.350+0000] {logging_mixin.py:190} INFO - [2024-11-30T16:44:03.325+0000] {dagbag.py:588} INFO - Filling up the DagBag from /opt/airflow/dags/college_info.py
[2024-11-30T16:44:20.166+0000] {processor.py:925} INFO - DAG(s) 'collegeinfo_dag' retrieved from /opt/airflow/dags/college_info.py
[2024-11-30T16:44:24.402+0000] {logging_mixin.py:190} INFO - [2024-11-30T16:44:24.353+0000] {dag.py:3239} INFO - Sync 1 DAGs
[2024-11-30T16:44:24.975+0000] {logging_mixin.py:190} INFO - [2024-11-30T16:44:24.971+0000] {dag.py:4180} INFO - Setting next_dagrun for collegeinfo_dag to 2024-11-30 20:00:00+00:00, run_after=2024-12-01 20:00:00+00:00
[2024-11-30T16:44:26.597+0000] {processor.py:208} INFO - Processing /opt/airflow/dags/college_info.py took 24.263 seconds
[2024-11-30T16:45:02.211+0000] {processor.py:186} INFO - Started process (PID=233) to work on /opt/airflow/dags/college_info.py
[2024-11-30T16:45:02.643+0000] {processor.py:914} INFO - Processing file /opt/airflow/dags/college_info.py for tasks to queue
[2024-11-30T16:45:02.745+0000] {logging_mixin.py:190} INFO - [2024-11-30T16:45:02.700+0000] {dagbag.py:588} INFO - Filling up the DagBag from /opt/airflow/dags/college_info.py
[2024-11-30T16:47:59.376+0000] {processor.py:186} INFO - Started process (PID=64) to work on /opt/airflow/dags/college_info.py
[2024-11-30T16:47:59.434+0000] {processor.py:914} INFO - Processing file /opt/airflow/dags/college_info.py for tasks to queue
[2024-11-30T16:47:59.558+0000] {logging_mixin.py:190} INFO - [2024-11-30T16:47:59.546+0000] {dagbag.py:588} INFO - Filling up the DagBag from /opt/airflow/dags/college_info.py
[2024-11-30T16:48:25.668+0000] {processor.py:925} INFO - DAG(s) 'collegeinfo_dag' retrieved from /opt/airflow/dags/college_info.py
[2024-11-30T16:48:28.041+0000] {logging_mixin.py:190} INFO - [2024-11-30T16:48:28.011+0000] {dag.py:3239} INFO - Sync 1 DAGs
[2024-11-30T16:48:28.207+0000] {logging_mixin.py:190} INFO - [2024-11-30T16:48:28.207+0000] {dag.py:4180} INFO - Setting next_dagrun for collegeinfo_dag to 2024-11-30 20:00:00+00:00, run_after=2024-12-01 20:00:00+00:00
[2024-11-30T16:48:28.566+0000] {processor.py:208} INFO - Processing /opt/airflow/dags/college_info.py took 29.444 seconds
[2024-11-30T16:49:32.800+0000] {processor.py:186} INFO - Started process (PID=83) to work on /opt/airflow/dags/college_info.py
[2024-11-30T16:49:32.816+0000] {processor.py:914} INFO - Processing file /opt/airflow/dags/college_info.py for tasks to queue
[2024-11-30T16:49:32.840+0000] {logging_mixin.py:190} INFO - [2024-11-30T16:49:32.832+0000] {dagbag.py:588} INFO - Filling up the DagBag from /opt/airflow/dags/college_info.py
[2024-11-30T16:49:43.116+0000] {processor.py:925} INFO - DAG(s) 'collegeinfo_dag' retrieved from /opt/airflow/dags/college_info.py
[2024-11-30T16:49:43.926+0000] {logging_mixin.py:190} INFO - [2024-11-30T16:49:43.915+0000] {dag.py:3239} INFO - Sync 1 DAGs
[2024-11-30T16:49:43.991+0000] {logging_mixin.py:190} INFO - [2024-11-30T16:49:43.989+0000] {dag.py:4180} INFO - Setting next_dagrun for collegeinfo_dag to 2024-11-30 20:00:00+00:00, run_after=2024-12-01 20:00:00+00:00
[2024-11-30T16:49:44.131+0000] {processor.py:208} INFO - Processing /opt/airflow/dags/college_info.py took 11.424 seconds
[2024-11-30T16:50:20.410+0000] {processor.py:186} INFO - Started process (PID=102) to work on /opt/airflow/dags/college_info.py
[2024-11-30T16:50:20.414+0000] {processor.py:914} INFO - Processing file /opt/airflow/dags/college_info.py for tasks to queue
[2024-11-30T16:50:20.418+0000] {logging_mixin.py:190} INFO - [2024-11-30T16:50:20.416+0000] {dagbag.py:588} INFO - Filling up the DagBag from /opt/airflow/dags/college_info.py
[2024-11-30T16:51:13.039+0000] {logging_mixin.py:190} INFO - [2024-11-30T16:51:12.991+0000] {timeout.py:68} ERROR - Process timed out, PID: 102
[2024-11-30T16:51:13.046+0000] {logging_mixin.py:190} WARNING - Exception ignored in: <function WeakKeyDictionary.__init__.<locals>.remove at 0x7f64e4137a60>
[2024-11-30T16:51:13.049+0000] {logging_mixin.py:190} WARNING - Traceback (most recent call last):
[2024-11-30T16:51:13.050+0000] {logging_mixin.py:190} WARNING -   File "/usr/local/lib/python3.12/weakref.py", line 369, in remove
[2024-11-30T16:51:13.144+0000] {logging_mixin.py:190} WARNING -     def remove(k, selfref=ref(self)):
[2024-11-30T16:51:13.147+0000] {logging_mixin.py:190} WARNING -   File "/home/airflow/.local/lib/python3.12/site-packages/airflow/utils/timeout.py", line 69, in handle_timeout
[2024-11-30T16:51:13.161+0000] {logging_mixin.py:190} WARNING -     raise AirflowTaskTimeout(self.error_message)
[2024-11-30T16:51:13.170+0000] {logging_mixin.py:190} WARNING - airflow.exceptions.AirflowTaskTimeout: DagBag import timeout for /opt/airflow/dags/college_info.py after 30.0s.
Please take a look at these docs to improve your DAG import time:
* https://airflow.apache.org/docs/apache-airflow/2.10.3/best-practices.html#top-level-python-code
* https://airflow.apache.org/docs/apache-airflow/2.10.3/best-practices.html#reducing-dag-complexity, PID: 102
[2024-11-30T16:51:17.711+0000] {processor.py:925} INFO - DAG(s) 'collegeinfo_dag' retrieved from /opt/airflow/dags/college_info.py
[2024-11-30T16:51:18.600+0000] {logging_mixin.py:190} INFO - [2024-11-30T16:51:18.598+0000] {dag.py:3239} INFO - Sync 1 DAGs
[2024-11-30T16:51:18.650+0000] {logging_mixin.py:190} INFO - [2024-11-30T16:51:18.649+0000] {dag.py:4180} INFO - Setting next_dagrun for collegeinfo_dag to 2024-11-30 20:00:00+00:00, run_after=2024-12-01 20:00:00+00:00
[2024-11-30T16:51:18.770+0000] {processor.py:208} INFO - Processing /opt/airflow/dags/college_info.py took 58.461 seconds
[2024-11-30T16:51:51.097+0000] {processor.py:186} INFO - Started process (PID=105) to work on /opt/airflow/dags/college_info.py
[2024-11-30T16:51:51.216+0000] {processor.py:914} INFO - Processing file /opt/airflow/dags/college_info.py for tasks to queue
[2024-11-30T16:51:51.301+0000] {logging_mixin.py:190} INFO - [2024-11-30T16:51:51.267+0000] {dagbag.py:588} INFO - Filling up the DagBag from /opt/airflow/dags/college_info.py
[2024-11-30T16:52:08.957+0000] {processor.py:925} INFO - DAG(s) 'collegeinfo_dag' retrieved from /opt/airflow/dags/college_info.py
[2024-11-30T16:52:09.662+0000] {logging_mixin.py:190} INFO - [2024-11-30T16:52:09.659+0000] {dag.py:3239} INFO - Sync 1 DAGs
[2024-11-30T16:52:09.734+0000] {logging_mixin.py:190} INFO - [2024-11-30T16:52:09.734+0000] {dag.py:4180} INFO - Setting next_dagrun for collegeinfo_dag to 2024-11-30 20:00:00+00:00, run_after=2024-12-01 20:00:00+00:00
[2024-11-30T16:52:09.861+0000] {processor.py:208} INFO - Processing /opt/airflow/dags/college_info.py took 19.168 seconds
[2024-11-30T16:52:40.598+0000] {processor.py:186} INFO - Started process (PID=123) to work on /opt/airflow/dags/college_info.py
[2024-11-30T16:52:40.618+0000] {processor.py:914} INFO - Processing file /opt/airflow/dags/college_info.py for tasks to queue
[2024-11-30T16:52:40.657+0000] {logging_mixin.py:190} INFO - [2024-11-30T16:52:40.644+0000] {dagbag.py:588} INFO - Filling up the DagBag from /opt/airflow/dags/college_info.py
[2024-11-30T16:52:58.706+0000] {processor.py:925} INFO - DAG(s) 'collegeinfo_dag' retrieved from /opt/airflow/dags/college_info.py
[2024-11-30T16:52:59.350+0000] {logging_mixin.py:190} INFO - [2024-11-30T16:52:59.342+0000] {dag.py:3239} INFO - Sync 1 DAGs
[2024-11-30T16:52:59.419+0000] {logging_mixin.py:190} INFO - [2024-11-30T16:52:59.418+0000] {dag.py:4180} INFO - Setting next_dagrun for collegeinfo_dag to 2024-11-30 20:00:00+00:00, run_after=2024-12-01 20:00:00+00:00
[2024-11-30T16:52:59.534+0000] {processor.py:208} INFO - Processing /opt/airflow/dags/college_info.py took 19.175 seconds
[2024-11-30T16:53:30.847+0000] {processor.py:186} INFO - Started process (PID=142) to work on /opt/airflow/dags/college_info.py
[2024-11-30T16:53:30.850+0000] {processor.py:914} INFO - Processing file /opt/airflow/dags/college_info.py for tasks to queue
[2024-11-30T16:53:30.862+0000] {logging_mixin.py:190} INFO - [2024-11-30T16:53:30.857+0000] {dagbag.py:588} INFO - Filling up the DagBag from /opt/airflow/dags/college_info.py
[2024-11-30T16:53:41.155+0000] {processor.py:925} INFO - DAG(s) 'collegeinfo_dag' retrieved from /opt/airflow/dags/college_info.py
[2024-11-30T16:53:42.072+0000] {logging_mixin.py:190} INFO - [2024-11-30T16:53:42.068+0000] {dag.py:3239} INFO - Sync 1 DAGs
[2024-11-30T16:53:42.123+0000] {logging_mixin.py:190} INFO - [2024-11-30T16:53:42.123+0000] {dag.py:4180} INFO - Setting next_dagrun for collegeinfo_dag to 2024-11-30 20:00:00+00:00, run_after=2024-12-01 20:00:00+00:00
[2024-11-30T16:53:42.227+0000] {processor.py:208} INFO - Processing /opt/airflow/dags/college_info.py took 11.425 seconds
[2024-11-30T16:54:12.948+0000] {processor.py:186} INFO - Started process (PID=145) to work on /opt/airflow/dags/college_info.py
[2024-11-30T16:54:12.953+0000] {processor.py:914} INFO - Processing file /opt/airflow/dags/college_info.py for tasks to queue
[2024-11-30T16:54:12.958+0000] {logging_mixin.py:190} INFO - [2024-11-30T16:54:12.956+0000] {dagbag.py:588} INFO - Filling up the DagBag from /opt/airflow/dags/college_info.py
[2024-11-30T16:54:19.299+0000] {processor.py:925} INFO - DAG(s) 'collegeinfo_dag' retrieved from /opt/airflow/dags/college_info.py
[2024-11-30T16:54:19.867+0000] {logging_mixin.py:190} INFO - [2024-11-30T16:54:19.866+0000] {dag.py:3239} INFO - Sync 1 DAGs
[2024-11-30T16:54:19.986+0000] {logging_mixin.py:190} INFO - [2024-11-30T16:54:19.985+0000] {dag.py:4180} INFO - Setting next_dagrun for collegeinfo_dag to 2024-11-30 20:00:00+00:00, run_after=2024-12-01 20:00:00+00:00
[2024-11-30T16:54:20.108+0000] {processor.py:208} INFO - Processing /opt/airflow/dags/college_info.py took 7.180 seconds
