[2024-11-30T11:38:55.143+0000] {processor.py:186} INFO - Started process (PID=64) to work on /opt/airflow/dags/first.py
[2024-11-30T11:38:55.156+0000] {processor.py:914} INFO - Processing file /opt/airflow/dags/first.py for tasks to queue
[2024-11-30T11:38:55.196+0000] {logging_mixin.py:190} INFO - [2024-11-30T11:38:55.189+0000] {dagbag.py:588} INFO - Filling up the DagBag from /opt/airflow/dags/first.py
[2024-11-30T11:38:55.450+0000] {processor.py:925} INFO - DAG(s) 'welcome_dag' retrieved from /opt/airflow/dags/first.py
[2024-11-30T11:38:57.107+0000] {logging_mixin.py:190} INFO - [2024-11-30T11:38:57.102+0000] {override.py:1911} INFO - Created Permission View: can edit on DAG:welcome_dag
[2024-11-30T11:38:57.175+0000] {logging_mixin.py:190} INFO - [2024-11-30T11:38:57.174+0000] {override.py:1911} INFO - Created Permission View: can read on DAG:welcome_dag
[2024-11-30T11:38:57.209+0000] {logging_mixin.py:190} INFO - [2024-11-30T11:38:57.209+0000] {override.py:1911} INFO - Created Permission View: can delete on DAG:welcome_dag
[2024-11-30T11:38:57.257+0000] {logging_mixin.py:190} INFO - [2024-11-30T11:38:57.257+0000] {override.py:1911} INFO - Created Permission View: can create on DAG Run:welcome_dag
[2024-11-30T11:38:57.303+0000] {logging_mixin.py:190} INFO - [2024-11-30T11:38:57.303+0000] {override.py:1911} INFO - Created Permission View: can read on DAG Run:welcome_dag
[2024-11-30T11:38:57.358+0000] {logging_mixin.py:190} INFO - [2024-11-30T11:38:57.358+0000] {override.py:1911} INFO - Created Permission View: can delete on DAG Run:welcome_dag
[2024-11-30T11:38:57.419+0000] {logging_mixin.py:190} INFO - [2024-11-30T11:38:57.419+0000] {override.py:1911} INFO - Created Permission View: menu access on DAG Run:welcome_dag
[2024-11-30T11:38:57.420+0000] {logging_mixin.py:190} INFO - [2024-11-30T11:38:57.420+0000] {dag.py:3239} INFO - Sync 1 DAGs
[2024-11-30T11:38:57.468+0000] {logging_mixin.py:190} INFO - [2024-11-30T11:38:57.468+0000] {dag.py:3262} INFO - Creating ORM DAG for welcome_dag
[2024-11-30T11:38:57.501+0000] {logging_mixin.py:190} INFO - [2024-11-30T11:38:57.501+0000] {dag.py:4180} INFO - Setting next_dagrun for welcome_dag to 2024-11-29 23:00:00+00:00, run_after=2024-11-30 23:00:00+00:00
[2024-11-30T11:38:57.598+0000] {processor.py:208} INFO - Processing /opt/airflow/dags/first.py took 2.576 seconds
[2024-11-30T11:39:44.795+0000] {processor.py:186} INFO - Started process (PID=66) to work on /opt/airflow/dags/first.py
[2024-11-30T11:39:44.863+0000] {processor.py:914} INFO - Processing file /opt/airflow/dags/first.py for tasks to queue
[2024-11-30T11:39:45.136+0000] {logging_mixin.py:190} INFO - [2024-11-30T11:39:45.079+0000] {dagbag.py:588} INFO - Filling up the DagBag from /opt/airflow/dags/first.py
[2024-11-30T11:39:46.237+0000] {processor.py:925} INFO - DAG(s) 'welcome_dag' retrieved from /opt/airflow/dags/first.py
[2024-11-30T11:39:47.122+0000] {logging_mixin.py:190} INFO - [2024-11-30T11:39:47.119+0000] {dag.py:3239} INFO - Sync 1 DAGs
[2024-11-30T11:39:47.628+0000] {logging_mixin.py:190} INFO - [2024-11-30T11:39:47.626+0000] {dag.py:4180} INFO - Setting next_dagrun for welcome_dag to 2024-11-29 23:00:00+00:00, run_after=2024-11-30 23:00:00+00:00
[2024-11-30T11:39:52.863+0000] {processor.py:211} ERROR - Got an exception! Propagating...
Traceback (most recent call last):
  File "/home/airflow/.local/lib/python3.12/site-packages/sqlalchemy/engine/base.py", line 1094, in _commit_impl
    self.engine.dialect.do_commit(self.connection)
  File "/home/airflow/.local/lib/python3.12/site-packages/sqlalchemy/engine/default.py", line 686, in do_commit
    dbapi_connection.commit()
sqlite3.OperationalError: database is locked

The above exception was the direct cause of the following exception:

Traceback (most recent call last):
  File "/home/airflow/.local/lib/python3.12/site-packages/airflow/dag_processing/processor.py", line 207, in _run_file_processor
    _handle_dag_file_processing()
  File "/home/airflow/.local/lib/python3.12/site-packages/airflow/dag_processing/processor.py", line 188, in _handle_dag_file_processing
    result: tuple[int, int, int] = dag_file_processor.process_file(
                                   ^^^^^^^^^^^^^^^^^^^^^^^^^^^^^^^^
  File "/home/airflow/.local/lib/python3.12/site-packages/airflow/utils/session.py", line 97, in wrapper
    return func(*args, session=session, **kwargs)
           ^^^^^^^^^^^^^^^^^^^^^^^^^^^^^^^^^^^^^^
  File "/home/airflow/.local/lib/python3.12/site-packages/airflow/dag_processing/processor.py", line 942, in process_file
    serialize_errors = DagFileProcessor.save_dag_to_db(
                       ^^^^^^^^^^^^^^^^^^^^^^^^^^^^^^^^
  File "/home/airflow/.local/lib/python3.12/site-packages/airflow/api_internal/internal_api_call.py", line 166, in wrapper
    return func(*args, **kwargs)
           ^^^^^^^^^^^^^^^^^^^^^
  File "/home/airflow/.local/lib/python3.12/site-packages/airflow/utils/session.py", line 97, in wrapper
    return func(*args, session=session, **kwargs)
           ^^^^^^^^^^^^^^^^^^^^^^^^^^^^^^^^^^^^^^
  File "/home/airflow/.local/lib/python3.12/site-packages/airflow/dag_processing/processor.py", line 983, in save_dag_to_db
    session.commit()
  File "/home/airflow/.local/lib/python3.12/site-packages/sqlalchemy/orm/session.py", line 1454, in commit
    self._transaction.commit(_to_root=self.future)
  File "/home/airflow/.local/lib/python3.12/site-packages/sqlalchemy/orm/session.py", line 839, in commit
    trans.commit()
  File "/home/airflow/.local/lib/python3.12/site-packages/sqlalchemy/engine/base.py", line 2469, in commit
    self._do_commit()
  File "/home/airflow/.local/lib/python3.12/site-packages/sqlalchemy/engine/base.py", line 2659, in _do_commit
    self._connection_commit_impl()
  File "/home/airflow/.local/lib/python3.12/site-packages/sqlalchemy/engine/base.py", line 2630, in _connection_commit_impl
    self.connection._commit_impl()
  File "/home/airflow/.local/lib/python3.12/site-packages/sqlalchemy/engine/base.py", line 1096, in _commit_impl
    self._handle_dbapi_exception(e, None, None, None, None)
  File "/home/airflow/.local/lib/python3.12/site-packages/sqlalchemy/engine/base.py", line 2134, in _handle_dbapi_exception
    util.raise_(
  File "/home/airflow/.local/lib/python3.12/site-packages/sqlalchemy/util/compat.py", line 211, in raise_
    raise exception
  File "/home/airflow/.local/lib/python3.12/site-packages/sqlalchemy/engine/base.py", line 1094, in _commit_impl
    self.engine.dialect.do_commit(self.connection)
  File "/home/airflow/.local/lib/python3.12/site-packages/sqlalchemy/engine/default.py", line 686, in do_commit
    dbapi_connection.commit()
sqlalchemy.exc.OperationalError: (sqlite3.OperationalError) database is locked
(Background on this error at: https://sqlalche.me/e/14/e3q8)
[2024-11-30T11:47:22.499+0000] {processor.py:186} INFO - Started process (PID=84) to work on /opt/airflow/dags/first.py
[2024-11-30T11:47:22.522+0000] {processor.py:914} INFO - Processing file /opt/airflow/dags/first.py for tasks to queue
[2024-11-30T11:47:22.609+0000] {logging_mixin.py:190} INFO - [2024-11-30T11:47:22.600+0000] {dagbag.py:588} INFO - Filling up the DagBag from /opt/airflow/dags/first.py
[2024-11-30T11:47:23.192+0000] {processor.py:925} INFO - DAG(s) 'welcome_dag' retrieved from /opt/airflow/dags/first.py
[2024-11-30T11:47:25.213+0000] {logging_mixin.py:190} INFO - [2024-11-30T11:47:25.213+0000] {dag.py:3239} INFO - Sync 1 DAGs
[2024-11-30T11:47:25.355+0000] {logging_mixin.py:190} INFO - [2024-11-30T11:47:25.354+0000] {dag.py:4180} INFO - Setting next_dagrun for welcome_dag to 2024-11-29 18:00:00+00:00, run_after=2024-11-30 18:00:00+00:00
[2024-11-30T11:47:25.507+0000] {processor.py:208} INFO - Processing /opt/airflow/dags/first.py took 3.067 seconds
[2024-11-30T11:47:59.578+0000] {processor.py:186} INFO - Started process (PID=100) to work on /opt/airflow/dags/first.py
[2024-11-30T11:47:59.605+0000] {processor.py:914} INFO - Processing file /opt/airflow/dags/first.py for tasks to queue
[2024-11-30T11:47:59.676+0000] {logging_mixin.py:190} INFO - [2024-11-30T11:47:59.664+0000] {dagbag.py:588} INFO - Filling up the DagBag from /opt/airflow/dags/first.py
[2024-11-30T11:48:00.481+0000] {processor.py:925} INFO - DAG(s) 'welcome_dag' retrieved from /opt/airflow/dags/first.py
[2024-11-30T11:48:01.068+0000] {logging_mixin.py:190} INFO - [2024-11-30T11:48:01.065+0000] {dag.py:3239} INFO - Sync 1 DAGs
[2024-11-30T11:48:01.364+0000] {logging_mixin.py:190} INFO - [2024-11-30T11:48:01.363+0000] {dag.py:4180} INFO - Setting next_dagrun for welcome_dag to 2024-11-29 18:00:00+00:00, run_after=2024-11-30 18:00:00+00:00
[2024-11-30T11:48:01.597+0000] {processor.py:208} INFO - Processing /opt/airflow/dags/first.py took 2.241 seconds
[2024-11-30T11:49:03.730+0000] {processor.py:186} INFO - Started process (PID=131) to work on /opt/airflow/dags/first.py
[2024-11-30T11:49:03.782+0000] {processor.py:914} INFO - Processing file /opt/airflow/dags/first.py for tasks to queue
[2024-11-30T11:49:03.969+0000] {logging_mixin.py:190} INFO - [2024-11-30T11:49:03.927+0000] {dagbag.py:588} INFO - Filling up the DagBag from /opt/airflow/dags/first.py
[2024-11-30T11:49:05.166+0000] {processor.py:925} INFO - DAG(s) 'welcome_dag' retrieved from /opt/airflow/dags/first.py
[2024-11-30T11:49:05.969+0000] {logging_mixin.py:190} INFO - [2024-11-30T11:49:05.967+0000] {dag.py:3239} INFO - Sync 1 DAGs
[2024-11-30T11:49:06.266+0000] {logging_mixin.py:190} INFO - [2024-11-30T11:49:06.265+0000] {dag.py:4180} INFO - Setting next_dagrun for welcome_dag to 2024-11-29 18:00:00+00:00, run_after=2024-11-30 18:00:00+00:00
[2024-11-30T11:49:06.461+0000] {processor.py:208} INFO - Processing /opt/airflow/dags/first.py took 3.022 seconds
[2024-11-30T11:49:29.299+0000] {processor.py:186} INFO - Started process (PID=132) to work on /opt/airflow/dags/first.py
[2024-11-30T11:49:29.378+0000] {processor.py:914} INFO - Processing file /opt/airflow/dags/first.py for tasks to queue
[2024-11-30T11:49:29.799+0000] {logging_mixin.py:190} INFO - [2024-11-30T11:49:29.566+0000] {dagbag.py:588} INFO - Filling up the DagBag from /opt/airflow/dags/first.py
[2024-11-30T11:49:31.125+0000] {processor.py:925} INFO - DAG(s) 'welcome_dag' retrieved from /opt/airflow/dags/first.py
[2024-11-30T11:49:32.523+0000] {logging_mixin.py:190} INFO - [2024-11-30T11:49:32.522+0000] {dag.py:3239} INFO - Sync 1 DAGs
[2024-11-30T11:49:33.251+0000] {logging_mixin.py:190} INFO - [2024-11-30T11:49:33.249+0000] {dag.py:4180} INFO - Setting next_dagrun for welcome_dag to 2024-11-29 18:00:00+00:00, run_after=2024-11-30 18:00:00+00:00
[2024-11-30T11:49:33.565+0000] {processor.py:208} INFO - Processing /opt/airflow/dags/first.py took 4.774 seconds
[2024-11-30T11:50:42.303+0000] {processor.py:186} INFO - Started process (PID=149) to work on /opt/airflow/dags/first.py
[2024-11-30T11:50:42.318+0000] {processor.py:914} INFO - Processing file /opt/airflow/dags/first.py for tasks to queue
[2024-11-30T11:50:42.341+0000] {logging_mixin.py:190} INFO - [2024-11-30T11:50:42.332+0000] {dagbag.py:588} INFO - Filling up the DagBag from /opt/airflow/dags/first.py
[2024-11-30T11:50:42.552+0000] {processor.py:925} INFO - DAG(s) 'welcome_dag' retrieved from /opt/airflow/dags/first.py
[2024-11-30T11:50:43.072+0000] {logging_mixin.py:190} INFO - [2024-11-30T11:50:43.071+0000] {dag.py:3239} INFO - Sync 1 DAGs
[2024-11-30T11:50:43.270+0000] {logging_mixin.py:190} INFO - [2024-11-30T11:50:43.269+0000] {dag.py:4180} INFO - Setting next_dagrun for welcome_dag to 2024-11-29 18:00:00+00:00, run_after=2024-11-30 18:00:00+00:00
[2024-11-30T11:50:43.494+0000] {processor.py:208} INFO - Processing /opt/airflow/dags/first.py took 1.307 seconds
[2024-11-30T11:51:15.383+0000] {processor.py:186} INFO - Started process (PID=165) to work on /opt/airflow/dags/first.py
[2024-11-30T11:51:15.405+0000] {processor.py:914} INFO - Processing file /opt/airflow/dags/first.py for tasks to queue
[2024-11-30T11:51:15.445+0000] {logging_mixin.py:190} INFO - [2024-11-30T11:51:15.426+0000] {dagbag.py:588} INFO - Filling up the DagBag from /opt/airflow/dags/first.py
[2024-11-30T11:51:15.798+0000] {processor.py:925} INFO - DAG(s) 'welcome_dag' retrieved from /opt/airflow/dags/first.py
[2024-11-30T11:51:16.413+0000] {logging_mixin.py:190} INFO - [2024-11-30T11:51:16.413+0000] {dag.py:3239} INFO - Sync 1 DAGs
[2024-11-30T11:51:16.680+0000] {logging_mixin.py:190} INFO - [2024-11-30T11:51:16.679+0000] {dag.py:4180} INFO - Setting next_dagrun for welcome_dag to 2024-11-29 18:00:00+00:00, run_after=2024-11-30 18:00:00+00:00
[2024-11-30T11:51:33.379+0000] {processor.py:208} INFO - Processing /opt/airflow/dags/first.py took 18.264 seconds
[2024-11-30T11:52:08.284+0000] {processor.py:186} INFO - Started process (PID=181) to work on /opt/airflow/dags/first.py
[2024-11-30T11:52:08.308+0000] {processor.py:914} INFO - Processing file /opt/airflow/dags/first.py for tasks to queue
[2024-11-30T11:52:08.345+0000] {logging_mixin.py:190} INFO - [2024-11-30T11:52:08.329+0000] {dagbag.py:588} INFO - Filling up the DagBag from /opt/airflow/dags/first.py
[2024-11-30T11:52:08.622+0000] {processor.py:925} INFO - DAG(s) 'welcome_dag' retrieved from /opt/airflow/dags/first.py
[2024-11-30T11:52:09.110+0000] {logging_mixin.py:190} INFO - [2024-11-30T11:52:09.109+0000] {dag.py:3239} INFO - Sync 1 DAGs
[2024-11-30T11:52:09.325+0000] {logging_mixin.py:190} INFO - [2024-11-30T11:52:09.324+0000] {dag.py:4180} INFO - Setting next_dagrun for welcome_dag to 2024-11-29 18:00:00+00:00, run_after=2024-11-30 18:00:00+00:00
[2024-11-30T11:52:17.498+0000] {processor.py:208} INFO - Processing /opt/airflow/dags/first.py took 9.377 seconds
[2024-11-30T11:52:51.927+0000] {processor.py:186} INFO - Started process (PID=182) to work on /opt/airflow/dags/first.py
[2024-11-30T11:52:51.963+0000] {processor.py:914} INFO - Processing file /opt/airflow/dags/first.py for tasks to queue
[2024-11-30T11:52:52.067+0000] {logging_mixin.py:190} INFO - [2024-11-30T11:52:51.989+0000] {dagbag.py:588} INFO - Filling up the DagBag from /opt/airflow/dags/first.py
[2024-11-30T11:52:52.479+0000] {processor.py:925} INFO - DAG(s) 'welcome_dag' retrieved from /opt/airflow/dags/first.py
[2024-11-30T11:52:53.451+0000] {logging_mixin.py:190} INFO - [2024-11-30T11:52:53.448+0000] {dag.py:3239} INFO - Sync 1 DAGs
[2024-11-30T11:52:53.978+0000] {logging_mixin.py:190} INFO - [2024-11-30T11:52:53.978+0000] {dag.py:4180} INFO - Setting next_dagrun for welcome_dag to 2024-11-29 18:00:00+00:00, run_after=2024-11-30 18:00:00+00:00
[2024-11-30T11:53:01.436+0000] {processor.py:208} INFO - Processing /opt/airflow/dags/first.py took 9.683 seconds
[2024-11-30T11:53:33.298+0000] {processor.py:186} INFO - Started process (PID=183) to work on /opt/airflow/dags/first.py
[2024-11-30T11:53:33.351+0000] {processor.py:914} INFO - Processing file /opt/airflow/dags/first.py for tasks to queue
[2024-11-30T11:53:33.378+0000] {logging_mixin.py:190} INFO - [2024-11-30T11:53:33.365+0000] {dagbag.py:588} INFO - Filling up the DagBag from /opt/airflow/dags/first.py
[2024-11-30T11:53:33.749+0000] {processor.py:925} INFO - DAG(s) 'welcome_dag' retrieved from /opt/airflow/dags/first.py
[2024-11-30T11:53:34.318+0000] {logging_mixin.py:190} INFO - [2024-11-30T11:53:34.318+0000] {dag.py:3239} INFO - Sync 1 DAGs
[2024-11-30T11:53:44.354+0000] {logging_mixin.py:190} INFO - [2024-11-30T11:53:44.343+0000] {dag.py:4180} INFO - Setting next_dagrun for welcome_dag to 2024-11-29 18:00:00+00:00, run_after=2024-11-30 18:00:00+00:00
[2024-11-30T11:53:44.934+0000] {processor.py:208} INFO - Processing /opt/airflow/dags/first.py took 12.081 seconds
[2024-11-30T11:54:17.410+0000] {processor.py:186} INFO - Started process (PID=184) to work on /opt/airflow/dags/first.py
[2024-11-30T11:54:17.648+0000] {processor.py:914} INFO - Processing file /opt/airflow/dags/first.py for tasks to queue
[2024-11-30T11:54:17.812+0000] {logging_mixin.py:190} INFO - [2024-11-30T11:54:17.747+0000] {dagbag.py:588} INFO - Filling up the DagBag from /opt/airflow/dags/first.py
[2024-11-30T11:54:18.511+0000] {processor.py:925} INFO - DAG(s) 'welcome_dag' retrieved from /opt/airflow/dags/first.py
[2024-11-30T11:54:19.337+0000] {logging_mixin.py:190} INFO - [2024-11-30T11:54:19.335+0000] {dag.py:3239} INFO - Sync 1 DAGs
[2024-11-30T11:54:25.536+0000] {logging_mixin.py:190} INFO - [2024-11-30T11:54:25.534+0000] {dag.py:4180} INFO - Setting next_dagrun for welcome_dag to 2024-11-29 18:00:00+00:00, run_after=2024-11-30 18:00:00+00:00
[2024-11-30T11:54:25.737+0000] {processor.py:208} INFO - Processing /opt/airflow/dags/first.py took 9.527 seconds
[2024-11-30T11:54:57.499+0000] {processor.py:186} INFO - Started process (PID=185) to work on /opt/airflow/dags/first.py
[2024-11-30T11:54:57.531+0000] {processor.py:914} INFO - Processing file /opt/airflow/dags/first.py for tasks to queue
[2024-11-30T11:54:57.586+0000] {logging_mixin.py:190} INFO - [2024-11-30T11:54:57.560+0000] {dagbag.py:588} INFO - Filling up the DagBag from /opt/airflow/dags/first.py
[2024-11-30T11:54:57.880+0000] {processor.py:925} INFO - DAG(s) 'welcome_dag' retrieved from /opt/airflow/dags/first.py
[2024-11-30T11:54:58.398+0000] {logging_mixin.py:190} INFO - [2024-11-30T11:54:58.398+0000] {dag.py:3239} INFO - Sync 1 DAGs
[2024-11-30T11:55:08.762+0000] {logging_mixin.py:190} INFO - [2024-11-30T11:55:08.739+0000] {dag.py:4180} INFO - Setting next_dagrun for welcome_dag to 2024-11-29 18:00:00+00:00, run_after=2024-11-30 18:00:00+00:00
[2024-11-30T11:55:09.021+0000] {processor.py:208} INFO - Processing /opt/airflow/dags/first.py took 11.839 seconds
